2020-06-03T07:22:37+00:00 CRITICAL Uncaught Error: Call to a member function get() on null in /var/www/mwood/wp-content/plugins/yith-woocommerce-request-a-quote-premium-master/includes/class.yith-ywraq-order-request.php:1921
Stack trace:
#0 /var/www/mwood/wp-content/plugins/yith-woocommerce-request-a-quote-premium-master/includes/class.yith-ywraq-order-request.php(1964): YITH_YWRAQ_Order_Request->get_current_order_id()
#1 /var/www/mwood/wp-includes/class-wp-hook.php(288): YITH_YWRAQ_Order_Request->check_quote_in_cart('')
#2 /var/www/mwood/wp-includes/class-wp-hook.php(312): WP_Hook->apply_filters(NULL, Array)
#3 /var/www/mwood/wp-includes/plugin.php(478): WP_Hook->do_action(Array)
#4 /var/www/mwood/wp-settings.php(545): do_action('wp_loaded')
#5 /var/www/mwood/wp-config.php(114): require_once('/var/www/mwood/...')
#6 /var/www/mwood/wp-load.php(37): require_once('/var/www/mwood/...')
#7 /var/www/mwood/wp-cron.php(44): require_once('/var/www/mwood/...')
#8 {main}
  thrown dans /var/www/mwood/wp-content/plugins/yith-woocommerce-request-a-quote-premium-master/includes/class.yith-ywraq-order-request.php à la ligne 1921

2020-06-03T08:50:06+00:00 CRITICAL Uncaught Error: Call to a member function get() on null in /var/www/mwood/wp-content/plugins/yith-woocommerce-request-a-quote-premium-master/includes/class.yith-ywraq-order-request.php:1921
Stack trace:
#0 /var/www/mwood/wp-content/plugins/yith-woocommerce-request-a-quote-premium-master/includes/class.yith-ywraq-order-request.php(1964): YITH_YWRAQ_Order_Request->get_current_order_id()
#1 /var/www/mwood/wp-includes/class-wp-hook.php(288): YITH_YWRAQ_Order_Request->check_quote_in_cart('')
#2 /var/www/mwood/wp-includes/class-wp-hook.php(312): WP_Hook->apply_filters(NULL, Array)
#3 /var/www/mwood/wp-includes/plugin.php(478): WP_Hook->do_action(Array)
#4 /var/www/mwood/wp-settings.php(545): do_action('wp_loaded')
#5 /var/www/mwood/wp-config.php(114): require_once('/var/www/mwood/...')
#6 /var/www/mwood/wp-load.php(37): require_once('/var/www/mwood/...')
#7 /var/www/mwood/wp-cron.php(44): require_once('/var/www/mwood/...')
#8 {main}
  thrown dans /var/www/mwood/wp-content/plugins/yith-woocommerce-request-a-quote-premium-master/includes/class.yith-ywraq-order-request.php à la ligne 1921

2020-06-03T08:52:22+00:00 CRITICAL Uncaught Error: Call to a member function get() on null in /var/www/mwood/wp-content/plugins/yith-woocommerce-request-a-quote-premium-master/includes/class.yith-ywraq-order-request.php:1921
Stack trace:
#0 /var/www/mwood/wp-content/plugins/yith-woocommerce-request-a-quote-premium-master/includes/class.yith-ywraq-order-request.php(1964): YITH_YWRAQ_Order_Request->get_current_order_id()
#1 /var/www/mwood/wp-includes/class-wp-hook.php(288): YITH_YWRAQ_Order_Request->check_quote_in_cart('')
#2 /var/www/mwood/wp-includes/class-wp-hook.php(312): WP_Hook->apply_filters(NULL, Array)
#3 /var/www/mwood/wp-includes/plugin.php(478): WP_Hook->do_action(Array)
#4 /var/www/mwood/wp-settings.php(545): do_action('wp_loaded')
#5 /var/www/mwood/wp-config.php(114): require_once('/var/www/mwood/...')
#6 /var/www/mwood/wp-load.php(37): require_once('/var/www/mwood/...')
#7 /var/www/mwood/wp-cron.php(44): require_once('/var/www/mwood/...')
#8 {main}
  thrown dans /var/www/mwood/wp-content/plugins/yith-woocommerce-request-a-quote-premium-master/includes/class.yith-ywraq-order-request.php à la ligne 1921

2020-06-03T08:54:50+00:00 CRITICAL Uncaught Error: Call to a member function get() on null in /var/www/mwood/wp-content/plugins/yith-woocommerce-request-a-quote-premium-master/includes/class.yith-ywraq-order-request.php:1921
Stack trace:
#0 /var/www/mwood/wp-content/plugins/yith-woocommerce-request-a-quote-premium-master/includes/class.yith-ywraq-order-request.php(1964): YITH_YWRAQ_Order_Request->get_current_order_id()
#1 /var/www/mwood/wp-includes/class-wp-hook.php(288): YITH_YWRAQ_Order_Request->check_quote_in_cart('')
#2 /var/www/mwood/wp-includes/class-wp-hook.php(312): WP_Hook->apply_filters(NULL, Array)
#3 /var/www/mwood/wp-includes/plugin.php(478): WP_Hook->do_action(Array)
#4 /var/www/mwood/wp-settings.php(545): do_action('wp_loaded')
#5 /var/www/mwood/wp-config.php(114): require_once('/var/www/mwood/...')
#6 /var/www/mwood/wp-load.php(37): require_once('/var/www/mwood/...')
#7 /var/www/mwood/wp-cron.php(44): require_once('/var/www/mwood/...')
#8 {main}
  thrown dans /var/www/mwood/wp-content/plugins/yith-woocommerce-request-a-quote-premium-master/includes/class.yith-ywraq-order-request.php à la ligne 1921

2020-06-03T08:54:50+00:00 CRITICAL Uncaught Error: Call to a member function get() on null in /var/www/mwood/wp-content/plugins/yith-woocommerce-request-a-quote-premium-master/includes/class.yith-ywraq-order-request.php:1921
Stack trace:
#0 /var/www/mwood/wp-content/plugins/yith-woocommerce-request-a-quote-premium-master/includes/class.yith-ywraq-order-request.php(1964): YITH_YWRAQ_Order_Request->get_current_order_id()
#1 /var/www/mwood/wp-includes/class-wp-hook.php(288): YITH_YWRAQ_Order_Request->check_quote_in_cart('')
#2 /var/www/mwood/wp-includes/class-wp-hook.php(312): WP_Hook->apply_filters(NULL, Array)
#3 /var/www/mwood/wp-includes/plugin.php(478): WP_Hook->do_action(Array)
#4 /var/www/mwood/wp-settings.php(545): do_action('wp_loaded')
#5 /var/www/mwood/wp-config.php(114): require_once('/var/www/mwood/...')
#6 /var/www/mwood/wp-load.php(37): require_once('/var/www/mwood/...')
#7 /var/www/mwood/wp-cron.php(44): require_once('/var/www/mwood/...')
#8 {main}
  thrown dans /var/www/mwood/wp-content/plugins/yith-woocommerce-request-a-quote-premium-master/includes/class.yith-ywraq-order-request.php à la ligne 1921

2020-06-03T09:29:07+00:00 CRITICAL Uncaught Error: Call to a member function get() on null in /var/www/mwood/wp-content/plugins/yith-woocommerce-request-a-quote-premium-master/includes/class.yith-ywraq-order-request.php:1921
Stack trace:
#0 /var/www/mwood/wp-content/plugins/yith-woocommerce-request-a-quote-premium-master/includes/class.yith-ywraq-order-request.php(1964): YITH_YWRAQ_Order_Request->get_current_order_id()
#1 /var/www/mwood/wp-includes/class-wp-hook.php(288): YITH_YWRAQ_Order_Request->check_quote_in_cart('')
#2 /var/www/mwood/wp-includes/class-wp-hook.php(312): WP_Hook->apply_filters(NULL, Array)
#3 /var/www/mwood/wp-includes/plugin.php(478): WP_Hook->do_action(Array)
#4 /var/www/mwood/wp-settings.php(545): do_action('wp_loaded')
#5 /var/www/mwood/wp-config.php(114): require_once('/var/www/mwood/...')
#6 /var/www/mwood/wp-load.php(37): require_once('/var/www/mwood/...')
#7 /var/www/mwood/wp-cron.php(44): require_once('/var/www/mwood/...')
#8 {main}
  thrown dans /var/www/mwood/wp-content/plugins/yith-woocommerce-request-a-quote-premium-master/includes/class.yith-ywraq-order-request.php à la ligne 1921

2020-06-03T09:45:19+00:00 CRITICAL Uncaught Error: Call to a member function get() on null in /var/www/mwood/wp-content/plugins/yith-woocommerce-request-a-quote-premium-master/includes/class.yith-ywraq-order-request.php:1921
Stack trace:
#0 /var/www/mwood/wp-content/plugins/yith-woocommerce-request-a-quote-premium-master/includes/class.yith-ywraq-order-request.php(1964): YITH_YWRAQ_Order_Request->get_current_order_id()
#1 /var/www/mwood/wp-includes/class-wp-hook.php(288): YITH_YWRAQ_Order_Request->check_quote_in_cart('')
#2 /var/www/mwood/wp-includes/class-wp-hook.php(312): WP_Hook->apply_filters(NULL, Array)
#3 /var/www/mwood/wp-includes/plugin.php(478): WP_Hook->do_action(Array)
#4 /var/www/mwood/wp-settings.php(545): do_action('wp_loaded')
#5 /var/www/mwood/wp-config.php(114): require_once('/var/www/mwood/...')
#6 /var/www/mwood/wp-load.php(37): require_once('/var/www/mwood/...')
#7 /var/www/mwood/wp-cron.php(44): require_once('/var/www/mwood/...')
#8 {main}
  thrown dans /var/www/mwood/wp-content/plugins/yith-woocommerce-request-a-quote-premium-master/includes/class.yith-ywraq-order-request.php à la ligne 1921

2020-06-03T09:46:26+00:00 CRITICAL Uncaught Error: Call to a member function get() on null in /var/www/mwood/wp-content/plugins/yith-woocommerce-request-a-quote-premium-master/includes/class.yith-ywraq-order-request.php:1921
Stack trace:
#0 /var/www/mwood/wp-content/plugins/yith-woocommerce-request-a-quote-premium-master/includes/class.yith-ywraq-order-request.php(1964): YITH_YWRAQ_Order_Request->get_current_order_id()
#1 /var/www/mwood/wp-includes/class-wp-hook.php(288): YITH_YWRAQ_Order_Request->check_quote_in_cart('')
#2 /var/www/mwood/wp-includes/class-wp-hook.php(312): WP_Hook->apply_filters(NULL, Array)
#3 /var/www/mwood/wp-includes/plugin.php(478): WP_Hook->do_action(Array)
#4 /var/www/mwood/wp-settings.php(545): do_action('wp_loaded')
#5 /var/www/mwood/wp-config.php(114): require_once('/var/www/mwood/...')
#6 /var/www/mwood/wp-load.php(37): require_once('/var/www/mwood/...')
#7 /var/www/mwood/wp-cron.php(44): require_once('/var/www/mwood/...')
#8 {main}
  thrown dans /var/www/mwood/wp-content/plugins/yith-woocommerce-request-a-quote-premium-master/includes/class.yith-ywraq-order-request.php à la ligne 1921

2020-06-03T10:20:40+00:00 CRITICAL Uncaught Error: Call to a member function get() on null in /var/www/mwood/wp-content/plugins/yith-woocommerce-request-a-quote-premium-master/includes/class.yith-ywraq-order-request.php:1921
Stack trace:
#0 /var/www/mwood/wp-content/plugins/yith-woocommerce-request-a-quote-premium-master/includes/class.yith-ywraq-order-request.php(1964): YITH_YWRAQ_Order_Request->get_current_order_id()
#1 /var/www/mwood/wp-includes/class-wp-hook.php(288): YITH_YWRAQ_Order_Request->check_quote_in_cart('')
#2 /var/www/mwood/wp-includes/class-wp-hook.php(312): WP_Hook->apply_filters(NULL, Array)
#3 /var/www/mwood/wp-includes/plugin.php(478): WP_Hook->do_action(Array)
#4 /var/www/mwood/wp-settings.php(545): do_action('wp_loaded')
#5 /var/www/mwood/wp-config.php(114): require_once('/var/www/mwood/...')
#6 /var/www/mwood/wp-load.php(37): require_once('/var/www/mwood/...')
#7 /var/www/mwood/wp-cron.php(44): require_once('/var/www/mwood/...')
#8 {main}
  thrown dans /var/www/mwood/wp-content/plugins/yith-woocommerce-request-a-quote-premium-master/includes/class.yith-ywraq-order-request.php à la ligne 1921

2020-06-03T10:24:26+00:00 CRITICAL Uncaught Error: Call to a member function get() on null in /var/www/mwood/wp-content/plugins/yith-woocommerce-request-a-quote-premium-master/includes/class.yith-ywraq-order-request.php:1921
Stack trace:
#0 /var/www/mwood/wp-content/plugins/yith-woocommerce-request-a-quote-premium-master/includes/class.yith-ywraq-order-request.php(1964): YITH_YWRAQ_Order_Request->get_current_order_id()
#1 /var/www/mwood/wp-includes/class-wp-hook.php(288): YITH_YWRAQ_Order_Request->check_quote_in_cart('')
#2 /var/www/mwood/wp-includes/class-wp-hook.php(312): WP_Hook->apply_filters(NULL, Array)
#3 /var/www/mwood/wp-includes/plugin.php(478): WP_Hook->do_action(Array)
#4 /var/www/mwood/wp-settings.php(545): do_action('wp_loaded')
#5 /var/www/mwood/wp-config.php(114): require_once('/var/www/mwood/...')
#6 /var/www/mwood/wp-load.php(37): require_once('/var/www/mwood/...')
#7 /var/www/mwood/wp-cron.php(44): require_once('/var/www/mwood/...')
#8 {main}
  thrown dans /var/www/mwood/wp-content/plugins/yith-woocommerce-request-a-quote-premium-master/includes/class.yith-ywraq-order-request.php à la ligne 1921

