2020-05-29T13:34:59+00:00 CRITICAL Uncaught Error: Call to a member function get() on null in /var/www/mwood/wp-content/plugins/yith-woocommerce-request-a-quote-premium-master/includes/class.yith-ywraq-order-request.php:1921
Stack trace:
#0 /var/www/mwood/wp-content/plugins/yith-woocommerce-request-a-quote-premium-master/includes/class.yith-ywraq-order-request.php(1964): YITH_YWRAQ_Order_Request->get_current_order_id()
#1 /var/www/mwood/wp-includes/class-wp-hook.php(288): YITH_YWRAQ_Order_Request->check_quote_in_cart('')
#2 /var/www/mwood/wp-includes/class-wp-hook.php(312): WP_Hook->apply_filters(NULL, Array)
#3 /var/www/mwood/wp-includes/plugin.php(478): WP_Hook->do_action(Array)
#4 /var/www/mwood/wp-settings.php(545): do_action('wp_loaded')
#5 /var/www/mwood/wp-config.php(114): require_once('/var/www/mwood/...')
#6 /var/www/mwood/wp-load.php(37): require_once('/var/www/mwood/...')
#7 /var/www/mwood/wp-cron.php(44): require_once('/var/www/mwood/...')
#8 {main}
  thrown dans /var/www/mwood/wp-content/plugins/yith-woocommerce-request-a-quote-premium-master/includes/class.yith-ywraq-order-request.php à la ligne 1921

2020-05-29T13:36:05+00:00 CRITICAL Uncaught Error: Call to a member function get() on null in /var/www/mwood/wp-content/plugins/yith-woocommerce-request-a-quote-premium-master/includes/class.yith-ywraq-order-request.php:1921
Stack trace:
#0 /var/www/mwood/wp-content/plugins/yith-woocommerce-request-a-quote-premium-master/includes/class.yith-ywraq-order-request.php(1964): YITH_YWRAQ_Order_Request->get_current_order_id()
#1 /var/www/mwood/wp-includes/class-wp-hook.php(288): YITH_YWRAQ_Order_Request->check_quote_in_cart('')
#2 /var/www/mwood/wp-includes/class-wp-hook.php(312): WP_Hook->apply_filters(NULL, Array)
#3 /var/www/mwood/wp-includes/plugin.php(478): WP_Hook->do_action(Array)
#4 /var/www/mwood/wp-settings.php(545): do_action('wp_loaded')
#5 /var/www/mwood/wp-config.php(114): require_once('/var/www/mwood/...')
#6 /var/www/mwood/wp-load.php(37): require_once('/var/www/mwood/...')
#7 /var/www/mwood/wp-cron.php(44): require_once('/var/www/mwood/...')
#8 {main}
  thrown dans /var/www/mwood/wp-content/plugins/yith-woocommerce-request-a-quote-premium-master/includes/class.yith-ywraq-order-request.php à la ligne 1921

2020-05-29T13:37:09+00:00 CRITICAL Uncaught Error: Call to a member function get() on null in /var/www/mwood/wp-content/plugins/yith-woocommerce-request-a-quote-premium-master/includes/class.yith-ywraq-order-request.php:1921
Stack trace:
#0 /var/www/mwood/wp-content/plugins/yith-woocommerce-request-a-quote-premium-master/includes/class.yith-ywraq-order-request.php(1964): YITH_YWRAQ_Order_Request->get_current_order_id()
#1 /var/www/mwood/wp-includes/class-wp-hook.php(288): YITH_YWRAQ_Order_Request->check_quote_in_cart('')
#2 /var/www/mwood/wp-includes/class-wp-hook.php(312): WP_Hook->apply_filters(NULL, Array)
#3 /var/www/mwood/wp-includes/plugin.php(478): WP_Hook->do_action(Array)
#4 /var/www/mwood/wp-settings.php(545): do_action('wp_loaded')
#5 /var/www/mwood/wp-config.php(114): require_once('/var/www/mwood/...')
#6 /var/www/mwood/wp-load.php(37): require_once('/var/www/mwood/...')
#7 /var/www/mwood/wp-cron.php(44): require_once('/var/www/mwood/...')
#8 {main}
  thrown dans /var/www/mwood/wp-content/plugins/yith-woocommerce-request-a-quote-premium-master/includes/class.yith-ywraq-order-request.php à la ligne 1921

2020-05-29T13:38:31+00:00 CRITICAL Uncaught Error: Call to a member function get() on null in /var/www/mwood/wp-content/plugins/yith-woocommerce-request-a-quote-premium-master/includes/class.yith-ywraq-order-request.php:1921
Stack trace:
#0 /var/www/mwood/wp-content/plugins/yith-woocommerce-request-a-quote-premium-master/includes/class.yith-ywraq-order-request.php(1964): YITH_YWRAQ_Order_Request->get_current_order_id()
#1 /var/www/mwood/wp-includes/class-wp-hook.php(288): YITH_YWRAQ_Order_Request->check_quote_in_cart('')
#2 /var/www/mwood/wp-includes/class-wp-hook.php(312): WP_Hook->apply_filters(NULL, Array)
#3 /var/www/mwood/wp-includes/plugin.php(478): WP_Hook->do_action(Array)
#4 /var/www/mwood/wp-settings.php(545): do_action('wp_loaded')
#5 /var/www/mwood/wp-config.php(114): require_once('/var/www/mwood/...')
#6 /var/www/mwood/wp-load.php(37): require_once('/var/www/mwood/...')
#7 /var/www/mwood/wp-cron.php(44): require_once('/var/www/mwood/...')
#8 {main}
  thrown dans /var/www/mwood/wp-content/plugins/yith-woocommerce-request-a-quote-premium-master/includes/class.yith-ywraq-order-request.php à la ligne 1921

2020-05-29T13:38:31+00:00 CRITICAL Uncaught Error: Call to a member function get() on null in /var/www/mwood/wp-content/plugins/yith-woocommerce-request-a-quote-premium-master/includes/class.yith-ywraq-order-request.php:1921
Stack trace:
#0 /var/www/mwood/wp-content/plugins/yith-woocommerce-request-a-quote-premium-master/includes/class.yith-ywraq-order-request.php(1964): YITH_YWRAQ_Order_Request->get_current_order_id()
#1 /var/www/mwood/wp-includes/class-wp-hook.php(288): YITH_YWRAQ_Order_Request->check_quote_in_cart('')
#2 /var/www/mwood/wp-includes/class-wp-hook.php(312): WP_Hook->apply_filters(NULL, Array)
#3 /var/www/mwood/wp-includes/plugin.php(478): WP_Hook->do_action(Array)
#4 /var/www/mwood/wp-settings.php(545): do_action('wp_loaded')
#5 /var/www/mwood/wp-config.php(114): require_once('/var/www/mwood/...')
#6 /var/www/mwood/wp-load.php(37): require_once('/var/www/mwood/...')
#7 /var/www/mwood/wp-cron.php(44): require_once('/var/www/mwood/...')
#8 {main}
  thrown dans /var/www/mwood/wp-content/plugins/yith-woocommerce-request-a-quote-premium-master/includes/class.yith-ywraq-order-request.php à la ligne 1921

2020-05-29T13:38:31+00:00 CRITICAL Uncaught Error: Call to a member function get() on null in /var/www/mwood/wp-content/plugins/yith-woocommerce-request-a-quote-premium-master/includes/class.yith-ywraq-order-request.php:1921
Stack trace:
#0 /var/www/mwood/wp-content/plugins/yith-woocommerce-request-a-quote-premium-master/includes/class.yith-ywraq-order-request.php(1964): YITH_YWRAQ_Order_Request->get_current_order_id()
#1 /var/www/mwood/wp-includes/class-wp-hook.php(288): YITH_YWRAQ_Order_Request->check_quote_in_cart('')
#2 /var/www/mwood/wp-includes/class-wp-hook.php(312): WP_Hook->apply_filters(NULL, Array)
#3 /var/www/mwood/wp-includes/plugin.php(478): WP_Hook->do_action(Array)
#4 /var/www/mwood/wp-settings.php(545): do_action('wp_loaded')
#5 /var/www/mwood/wp-config.php(114): require_once('/var/www/mwood/...')
#6 /var/www/mwood/wp-load.php(37): require_once('/var/www/mwood/...')
#7 /var/www/mwood/wp-cron.php(44): require_once('/var/www/mwood/...')
#8 {main}
  thrown dans /var/www/mwood/wp-content/plugins/yith-woocommerce-request-a-quote-premium-master/includes/class.yith-ywraq-order-request.php à la ligne 1921

2020-05-29T13:39:34+00:00 CRITICAL Uncaught Error: Call to a member function get() on null in /var/www/mwood/wp-content/plugins/yith-woocommerce-request-a-quote-premium-master/includes/class.yith-ywraq-order-request.php:1921
Stack trace:
#0 /var/www/mwood/wp-content/plugins/yith-woocommerce-request-a-quote-premium-master/includes/class.yith-ywraq-order-request.php(1964): YITH_YWRAQ_Order_Request->get_current_order_id()
#1 /var/www/mwood/wp-includes/class-wp-hook.php(288): YITH_YWRAQ_Order_Request->check_quote_in_cart('')
#2 /var/www/mwood/wp-includes/class-wp-hook.php(312): WP_Hook->apply_filters(NULL, Array)
#3 /var/www/mwood/wp-includes/plugin.php(478): WP_Hook->do_action(Array)
#4 /var/www/mwood/wp-settings.php(545): do_action('wp_loaded')
#5 /var/www/mwood/wp-config.php(114): require_once('/var/www/mwood/...')
#6 /var/www/mwood/wp-load.php(37): require_once('/var/www/mwood/...')
#7 /var/www/mwood/wp-cron.php(44): require_once('/var/www/mwood/...')
#8 {main}
  thrown dans /var/www/mwood/wp-content/plugins/yith-woocommerce-request-a-quote-premium-master/includes/class.yith-ywraq-order-request.php à la ligne 1921

2020-05-29T13:40:39+00:00 CRITICAL Uncaught Error: Call to a member function get() on null in /var/www/mwood/wp-content/plugins/yith-woocommerce-request-a-quote-premium-master/includes/class.yith-ywraq-order-request.php:1921
Stack trace:
#0 /var/www/mwood/wp-content/plugins/yith-woocommerce-request-a-quote-premium-master/includes/class.yith-ywraq-order-request.php(1964): YITH_YWRAQ_Order_Request->get_current_order_id()
#1 /var/www/mwood/wp-includes/class-wp-hook.php(288): YITH_YWRAQ_Order_Request->check_quote_in_cart('')
#2 /var/www/mwood/wp-includes/class-wp-hook.php(312): WP_Hook->apply_filters(NULL, Array)
#3 /var/www/mwood/wp-includes/plugin.php(478): WP_Hook->do_action(Array)
#4 /var/www/mwood/wp-settings.php(545): do_action('wp_loaded')
#5 /var/www/mwood/wp-config.php(114): require_once('/var/www/mwood/...')
#6 /var/www/mwood/wp-load.php(37): require_once('/var/www/mwood/...')
#7 /var/www/mwood/wp-cron.php(44): require_once('/var/www/mwood/...')
#8 {main}
  thrown dans /var/www/mwood/wp-content/plugins/yith-woocommerce-request-a-quote-premium-master/includes/class.yith-ywraq-order-request.php à la ligne 1921

2020-05-29T13:43:03+00:00 CRITICAL Uncaught Error: Call to a member function get() on null in /var/www/mwood/wp-content/plugins/yith-woocommerce-request-a-quote-premium-master/includes/class.yith-ywraq-order-request.php:1921
Stack trace:
#0 /var/www/mwood/wp-content/plugins/yith-woocommerce-request-a-quote-premium-master/includes/class.yith-ywraq-order-request.php(1964): YITH_YWRAQ_Order_Request->get_current_order_id()
#1 /var/www/mwood/wp-includes/class-wp-hook.php(288): YITH_YWRAQ_Order_Request->check_quote_in_cart('')
#2 /var/www/mwood/wp-includes/class-wp-hook.php(312): WP_Hook->apply_filters(NULL, Array)
#3 /var/www/mwood/wp-includes/plugin.php(478): WP_Hook->do_action(Array)
#4 /var/www/mwood/wp-settings.php(545): do_action('wp_loaded')
#5 /var/www/mwood/wp-config.php(114): require_once('/var/www/mwood/...')
#6 /var/www/mwood/wp-load.php(37): require_once('/var/www/mwood/...')
#7 /var/www/mwood/wp-cron.php(44): require_once('/var/www/mwood/...')
#8 {main}
  thrown dans /var/www/mwood/wp-content/plugins/yith-woocommerce-request-a-quote-premium-master/includes/class.yith-ywraq-order-request.php à la ligne 1921

2020-05-29T13:44:57+00:00 CRITICAL Uncaught Error: Call to a member function get() on null in /var/www/mwood/wp-content/plugins/yith-woocommerce-request-a-quote-premium-master/includes/class.yith-ywraq-order-request.php:1921
Stack trace:
#0 /var/www/mwood/wp-content/plugins/yith-woocommerce-request-a-quote-premium-master/includes/class.yith-ywraq-order-request.php(1964): YITH_YWRAQ_Order_Request->get_current_order_id()
#1 /var/www/mwood/wp-includes/class-wp-hook.php(288): YITH_YWRAQ_Order_Request->check_quote_in_cart('')
#2 /var/www/mwood/wp-includes/class-wp-hook.php(312): WP_Hook->apply_filters(NULL, Array)
#3 /var/www/mwood/wp-includes/plugin.php(478): WP_Hook->do_action(Array)
#4 /var/www/mwood/wp-settings.php(545): do_action('wp_loaded')
#5 /var/www/mwood/wp-config.php(114): require_once('/var/www/mwood/...')
#6 /var/www/mwood/wp-load.php(37): require_once('/var/www/mwood/...')
#7 /var/www/mwood/wp-cron.php(44): require_once('/var/www/mwood/...')
#8 {main}
  thrown dans /var/www/mwood/wp-content/plugins/yith-woocommerce-request-a-quote-premium-master/includes/class.yith-ywraq-order-request.php à la ligne 1921

2020-05-29T13:46:58+00:00 CRITICAL Uncaught Error: Call to a member function get() on null in /var/www/mwood/wp-content/plugins/yith-woocommerce-request-a-quote-premium-master/includes/class.yith-ywraq-order-request.php:1921
Stack trace:
#0 /var/www/mwood/wp-content/plugins/yith-woocommerce-request-a-quote-premium-master/includes/class.yith-ywraq-order-request.php(1964): YITH_YWRAQ_Order_Request->get_current_order_id()
#1 /var/www/mwood/wp-includes/class-wp-hook.php(288): YITH_YWRAQ_Order_Request->check_quote_in_cart('')
#2 /var/www/mwood/wp-includes/class-wp-hook.php(312): WP_Hook->apply_filters(NULL, Array)
#3 /var/www/mwood/wp-includes/plugin.php(478): WP_Hook->do_action(Array)
#4 /var/www/mwood/wp-settings.php(545): do_action('wp_loaded')
#5 /var/www/mwood/wp-config.php(114): require_once('/var/www/mwood/...')
#6 /var/www/mwood/wp-load.php(37): require_once('/var/www/mwood/...')
#7 /var/www/mwood/wp-cron.php(44): require_once('/var/www/mwood/...')
#8 {main}
  thrown dans /var/www/mwood/wp-content/plugins/yith-woocommerce-request-a-quote-premium-master/includes/class.yith-ywraq-order-request.php à la ligne 1921

2020-05-29T13:49:01+00:00 CRITICAL Uncaught Error: Call to a member function get() on null in /var/www/mwood/wp-content/plugins/yith-woocommerce-request-a-quote-premium-master/includes/class.yith-ywraq-order-request.php:1921
Stack trace:
#0 /var/www/mwood/wp-content/plugins/yith-woocommerce-request-a-quote-premium-master/includes/class.yith-ywraq-order-request.php(1964): YITH_YWRAQ_Order_Request->get_current_order_id()
#1 /var/www/mwood/wp-includes/class-wp-hook.php(288): YITH_YWRAQ_Order_Request->check_quote_in_cart('')
#2 /var/www/mwood/wp-includes/class-wp-hook.php(312): WP_Hook->apply_filters(NULL, Array)
#3 /var/www/mwood/wp-includes/plugin.php(478): WP_Hook->do_action(Array)
#4 /var/www/mwood/wp-settings.php(545): do_action('wp_loaded')
#5 /var/www/mwood/wp-config.php(114): require_once('/var/www/mwood/...')
#6 /var/www/mwood/wp-load.php(37): require_once('/var/www/mwood/...')
#7 /var/www/mwood/wp-cron.php(44): require_once('/var/www/mwood/...')
#8 {main}
  thrown dans /var/www/mwood/wp-content/plugins/yith-woocommerce-request-a-quote-premium-master/includes/class.yith-ywraq-order-request.php à la ligne 1921

2020-05-29T13:51:00+00:00 CRITICAL Uncaught Error: Call to a member function get() on null in /var/www/mwood/wp-content/plugins/yith-woocommerce-request-a-quote-premium-master/includes/class.yith-ywraq-order-request.php:1921
Stack trace:
#0 /var/www/mwood/wp-content/plugins/yith-woocommerce-request-a-quote-premium-master/includes/class.yith-ywraq-order-request.php(1964): YITH_YWRAQ_Order_Request->get_current_order_id()
#1 /var/www/mwood/wp-includes/class-wp-hook.php(288): YITH_YWRAQ_Order_Request->check_quote_in_cart('')
#2 /var/www/mwood/wp-includes/class-wp-hook.php(312): WP_Hook->apply_filters(NULL, Array)
#3 /var/www/mwood/wp-includes/plugin.php(478): WP_Hook->do_action(Array)
#4 /var/www/mwood/wp-settings.php(545): do_action('wp_loaded')
#5 /var/www/mwood/wp-config.php(114): require_once('/var/www/mwood/...')
#6 /var/www/mwood/wp-load.php(37): require_once('/var/www/mwood/...')
#7 /var/www/mwood/wp-cron.php(44): require_once('/var/www/mwood/...')
#8 {main}
  thrown dans /var/www/mwood/wp-content/plugins/yith-woocommerce-request-a-quote-premium-master/includes/class.yith-ywraq-order-request.php à la ligne 1921

2020-05-29T13:56:09+00:00 CRITICAL Uncaught Error: Call to a member function get() on null in /var/www/mwood/wp-content/plugins/yith-woocommerce-request-a-quote-premium-master/includes/class.yith-ywraq-order-request.php:1921
Stack trace:
#0 /var/www/mwood/wp-content/plugins/yith-woocommerce-request-a-quote-premium-master/includes/class.yith-ywraq-order-request.php(1964): YITH_YWRAQ_Order_Request->get_current_order_id()
#1 /var/www/mwood/wp-includes/class-wp-hook.php(288): YITH_YWRAQ_Order_Request->check_quote_in_cart('')
#2 /var/www/mwood/wp-includes/class-wp-hook.php(312): WP_Hook->apply_filters(NULL, Array)
#3 /var/www/mwood/wp-includes/plugin.php(478): WP_Hook->do_action(Array)
#4 /var/www/mwood/wp-settings.php(545): do_action('wp_loaded')
#5 /var/www/mwood/wp-config.php(114): require_once('/var/www/mwood/...')
#6 /var/www/mwood/wp-load.php(37): require_once('/var/www/mwood/...')
#7 /var/www/mwood/wp-cron.php(44): require_once('/var/www/mwood/...')
#8 {main}
  thrown dans /var/www/mwood/wp-content/plugins/yith-woocommerce-request-a-quote-premium-master/includes/class.yith-ywraq-order-request.php à la ligne 1921

2020-05-29T13:57:42+00:00 CRITICAL Uncaught Error: Call to a member function get() on null in /var/www/mwood/wp-content/plugins/yith-woocommerce-request-a-quote-premium-master/includes/class.yith-ywraq-order-request.php:1921
Stack trace:
#0 /var/www/mwood/wp-content/plugins/yith-woocommerce-request-a-quote-premium-master/includes/class.yith-ywraq-order-request.php(1964): YITH_YWRAQ_Order_Request->get_current_order_id()
#1 /var/www/mwood/wp-includes/class-wp-hook.php(288): YITH_YWRAQ_Order_Request->check_quote_in_cart('')
#2 /var/www/mwood/wp-includes/class-wp-hook.php(312): WP_Hook->apply_filters(NULL, Array)
#3 /var/www/mwood/wp-includes/plugin.php(478): WP_Hook->do_action(Array)
#4 /var/www/mwood/wp-settings.php(545): do_action('wp_loaded')
#5 /var/www/mwood/wp-config.php(114): require_once('/var/www/mwood/...')
#6 /var/www/mwood/wp-load.php(37): require_once('/var/www/mwood/...')
#7 /var/www/mwood/wp-cron.php(44): require_once('/var/www/mwood/...')
#8 {main}
  thrown dans /var/www/mwood/wp-content/plugins/yith-woocommerce-request-a-quote-premium-master/includes/class.yith-ywraq-order-request.php à la ligne 1921

2020-05-29T14:41:12+00:00 CRITICAL Uncaught Error: Call to a member function get() on null in /var/www/mwood/wp-content/plugins/yith-woocommerce-request-a-quote-premium-master/includes/class.yith-ywraq-order-request.php:1921
Stack trace:
#0 /var/www/mwood/wp-content/plugins/yith-woocommerce-request-a-quote-premium-master/includes/class.yith-ywraq-order-request.php(1964): YITH_YWRAQ_Order_Request->get_current_order_id()
#1 /var/www/mwood/wp-includes/class-wp-hook.php(288): YITH_YWRAQ_Order_Request->check_quote_in_cart('')
#2 /var/www/mwood/wp-includes/class-wp-hook.php(312): WP_Hook->apply_filters(NULL, Array)
#3 /var/www/mwood/wp-includes/plugin.php(478): WP_Hook->do_action(Array)
#4 /var/www/mwood/wp-settings.php(545): do_action('wp_loaded')
#5 /var/www/mwood/wp-config.php(114): require_once('/var/www/mwood/...')
#6 /var/www/mwood/wp-load.php(37): require_once('/var/www/mwood/...')
#7 /var/www/mwood/wp-cron.php(44): require_once('/var/www/mwood/...')
#8 {main}
  thrown dans /var/www/mwood/wp-content/plugins/yith-woocommerce-request-a-quote-premium-master/includes/class.yith-ywraq-order-request.php à la ligne 1921

2020-05-29T14:41:19+00:00 CRITICAL Uncaught Error: Call to a member function get() on null in /var/www/mwood/wp-content/plugins/yith-woocommerce-request-a-quote-premium-master/includes/class.yith-ywraq-order-request.php:1921
Stack trace:
#0 /var/www/mwood/wp-content/plugins/yith-woocommerce-request-a-quote-premium-master/includes/class.yith-ywraq-order-request.php(1964): YITH_YWRAQ_Order_Request->get_current_order_id()
#1 /var/www/mwood/wp-includes/class-wp-hook.php(288): YITH_YWRAQ_Order_Request->check_quote_in_cart('')
#2 /var/www/mwood/wp-includes/class-wp-hook.php(312): WP_Hook->apply_filters(NULL, Array)
#3 /var/www/mwood/wp-includes/plugin.php(478): WP_Hook->do_action(Array)
#4 /var/www/mwood/wp-settings.php(545): do_action('wp_loaded')
#5 /var/www/mwood/wp-config.php(114): require_once('/var/www/mwood/...')
#6 /var/www/mwood/wp-load.php(37): require_once('/var/www/mwood/...')
#7 /var/www/mwood/wp-cron.php(44): require_once('/var/www/mwood/...')
#8 {main}
  thrown dans /var/www/mwood/wp-content/plugins/yith-woocommerce-request-a-quote-premium-master/includes/class.yith-ywraq-order-request.php à la ligne 1921

2020-05-29T14:42:33+00:00 CRITICAL Uncaught Error: Call to a member function get() on null in /var/www/mwood/wp-content/plugins/yith-woocommerce-request-a-quote-premium-master/includes/class.yith-ywraq-order-request.php:1921
Stack trace:
#0 /var/www/mwood/wp-content/plugins/yith-woocommerce-request-a-quote-premium-master/includes/class.yith-ywraq-order-request.php(1964): YITH_YWRAQ_Order_Request->get_current_order_id()
#1 /var/www/mwood/wp-includes/class-wp-hook.php(288): YITH_YWRAQ_Order_Request->check_quote_in_cart('')
#2 /var/www/mwood/wp-includes/class-wp-hook.php(312): WP_Hook->apply_filters(NULL, Array)
#3 /var/www/mwood/wp-includes/plugin.php(478): WP_Hook->do_action(Array)
#4 /var/www/mwood/wp-settings.php(545): do_action('wp_loaded')
#5 /var/www/mwood/wp-config.php(114): require_once('/var/www/mwood/...')
#6 /var/www/mwood/wp-load.php(37): require_once('/var/www/mwood/...')
#7 /var/www/mwood/wp-cron.php(44): require_once('/var/www/mwood/...')
#8 {main}
  thrown dans /var/www/mwood/wp-content/plugins/yith-woocommerce-request-a-quote-premium-master/includes/class.yith-ywraq-order-request.php à la ligne 1921

2020-05-29T14:44:27+00:00 CRITICAL Uncaught Error: Call to a member function get() on null in /var/www/mwood/wp-content/plugins/yith-woocommerce-request-a-quote-premium-master/includes/class.yith-ywraq-order-request.php:1921
Stack trace:
#0 /var/www/mwood/wp-content/plugins/yith-woocommerce-request-a-quote-premium-master/includes/class.yith-ywraq-order-request.php(1964): YITH_YWRAQ_Order_Request->get_current_order_id()
#1 /var/www/mwood/wp-includes/class-wp-hook.php(288): YITH_YWRAQ_Order_Request->check_quote_in_cart('')
#2 /var/www/mwood/wp-includes/class-wp-hook.php(312): WP_Hook->apply_filters(NULL, Array)
#3 /var/www/mwood/wp-includes/plugin.php(478): WP_Hook->do_action(Array)
#4 /var/www/mwood/wp-settings.php(545): do_action('wp_loaded')
#5 /var/www/mwood/wp-config.php(114): require_once('/var/www/mwood/...')
#6 /var/www/mwood/wp-load.php(37): require_once('/var/www/mwood/...')
#7 /var/www/mwood/wp-cron.php(44): require_once('/var/www/mwood/...')
#8 {main}
  thrown dans /var/www/mwood/wp-content/plugins/yith-woocommerce-request-a-quote-premium-master/includes/class.yith-ywraq-order-request.php à la ligne 1921

2020-05-29T14:45:32+00:00 CRITICAL Uncaught Error: Call to a member function get() on null in /var/www/mwood/wp-content/plugins/yith-woocommerce-request-a-quote-premium-master/includes/class.yith-ywraq-order-request.php:1921
Stack trace:
#0 /var/www/mwood/wp-content/plugins/yith-woocommerce-request-a-quote-premium-master/includes/class.yith-ywraq-order-request.php(1964): YITH_YWRAQ_Order_Request->get_current_order_id()
#1 /var/www/mwood/wp-includes/class-wp-hook.php(288): YITH_YWRAQ_Order_Request->check_quote_in_cart('')
#2 /var/www/mwood/wp-includes/class-wp-hook.php(312): WP_Hook->apply_filters(NULL, Array)
#3 /var/www/mwood/wp-includes/plugin.php(478): WP_Hook->do_action(Array)
#4 /var/www/mwood/wp-settings.php(545): do_action('wp_loaded')
#5 /var/www/mwood/wp-config.php(114): require_once('/var/www/mwood/...')
#6 /var/www/mwood/wp-load.php(37): require_once('/var/www/mwood/...')
#7 /var/www/mwood/wp-cron.php(44): require_once('/var/www/mwood/...')
#8 {main}
  thrown dans /var/www/mwood/wp-content/plugins/yith-woocommerce-request-a-quote-premium-master/includes/class.yith-ywraq-order-request.php à la ligne 1921

2020-05-29T14:45:32+00:00 CRITICAL Uncaught Error: Call to a member function get() on null in /var/www/mwood/wp-content/plugins/yith-woocommerce-request-a-quote-premium-master/includes/class.yith-ywraq-order-request.php:1921
Stack trace:
#0 /var/www/mwood/wp-content/plugins/yith-woocommerce-request-a-quote-premium-master/includes/class.yith-ywraq-order-request.php(1964): YITH_YWRAQ_Order_Request->get_current_order_id()
#1 /var/www/mwood/wp-includes/class-wp-hook.php(288): YITH_YWRAQ_Order_Request->check_quote_in_cart('')
#2 /var/www/mwood/wp-includes/class-wp-hook.php(312): WP_Hook->apply_filters(NULL, Array)
#3 /var/www/mwood/wp-includes/plugin.php(478): WP_Hook->do_action(Array)
#4 /var/www/mwood/wp-settings.php(545): do_action('wp_loaded')
#5 /var/www/mwood/wp-config.php(114): require_once('/var/www/mwood/...')
#6 /var/www/mwood/wp-load.php(37): require_once('/var/www/mwood/...')
#7 /var/www/mwood/wp-cron.php(44): require_once('/var/www/mwood/...')
#8 {main}
  thrown dans /var/www/mwood/wp-content/plugins/yith-woocommerce-request-a-quote-premium-master/includes/class.yith-ywraq-order-request.php à la ligne 1921

2020-05-29T14:46:36+00:00 CRITICAL Uncaught Error: Call to a member function get() on null in /var/www/mwood/wp-content/plugins/yith-woocommerce-request-a-quote-premium-master/includes/class.yith-ywraq-order-request.php:1921
Stack trace:
#0 /var/www/mwood/wp-content/plugins/yith-woocommerce-request-a-quote-premium-master/includes/class.yith-ywraq-order-request.php(1964): YITH_YWRAQ_Order_Request->get_current_order_id()
#1 /var/www/mwood/wp-includes/class-wp-hook.php(288): YITH_YWRAQ_Order_Request->check_quote_in_cart('')
#2 /var/www/mwood/wp-includes/class-wp-hook.php(312): WP_Hook->apply_filters(NULL, Array)
#3 /var/www/mwood/wp-includes/plugin.php(478): WP_Hook->do_action(Array)
#4 /var/www/mwood/wp-settings.php(545): do_action('wp_loaded')
#5 /var/www/mwood/wp-config.php(114): require_once('/var/www/mwood/...')
#6 /var/www/mwood/wp-load.php(37): require_once('/var/www/mwood/...')
#7 /var/www/mwood/wp-cron.php(44): require_once('/var/www/mwood/...')
#8 {main}
  thrown dans /var/www/mwood/wp-content/plugins/yith-woocommerce-request-a-quote-premium-master/includes/class.yith-ywraq-order-request.php à la ligne 1921

2020-05-29T14:47:05+00:00 CRITICAL Uncaught Error: Call to a member function get() on null in /var/www/mwood/wp-content/plugins/yith-woocommerce-request-a-quote-premium-master/includes/class.yith-ywraq-order-request.php:1921
Stack trace:
#0 /var/www/mwood/wp-content/plugins/yith-woocommerce-request-a-quote-premium-master/includes/class.yith-ywraq-order-request.php(1964): YITH_YWRAQ_Order_Request->get_current_order_id()
#1 /var/www/mwood/wp-includes/class-wp-hook.php(288): YITH_YWRAQ_Order_Request->check_quote_in_cart('')
#2 /var/www/mwood/wp-includes/class-wp-hook.php(312): WP_Hook->apply_filters(NULL, Array)
#3 /var/www/mwood/wp-includes/plugin.php(478): WP_Hook->do_action(Array)
#4 /var/www/mwood/wp-settings.php(545): do_action('wp_loaded')
#5 /var/www/mwood/wp-config.php(114): require_once('/var/www/mwood/...')
#6 /var/www/mwood/wp-load.php(37): require_once('/var/www/mwood/...')
#7 /var/www/mwood/wp-blog-header.php(13): require_once('/var/www/mwood/...')
#8 /var/www/mwood/index.php(17): require('/var/www/mwood/...')
#9 {main}
  thrown dans /var/www/mwood/wp-content/plugins/yith-woocommerce-request-a-quote-premium-master/includes/class.yith-ywraq-order-request.php à la ligne 1921

2020-05-29T14:47:44+00:00 CRITICAL Uncaught Error: Call to a member function get() on null in /var/www/mwood/wp-content/plugins/yith-woocommerce-request-a-quote-premium-master/includes/class.yith-ywraq-order-request.php:1921
Stack trace:
#0 /var/www/mwood/wp-content/plugins/yith-woocommerce-request-a-quote-premium-master/includes/class.yith-ywraq-order-request.php(1964): YITH_YWRAQ_Order_Request->get_current_order_id()
#1 /var/www/mwood/wp-includes/class-wp-hook.php(288): YITH_YWRAQ_Order_Request->check_quote_in_cart('')
#2 /var/www/mwood/wp-includes/class-wp-hook.php(312): WP_Hook->apply_filters(NULL, Array)
#3 /var/www/mwood/wp-includes/plugin.php(478): WP_Hook->do_action(Array)
#4 /var/www/mwood/wp-settings.php(545): do_action('wp_loaded')
#5 /var/www/mwood/wp-config.php(114): require_once('/var/www/mwood/...')
#6 /var/www/mwood/wp-load.php(37): require_once('/var/www/mwood/...')
#7 /var/www/mwood/wp-cron.php(44): require_once('/var/www/mwood/...')
#8 {main}
  thrown dans /var/www/mwood/wp-content/plugins/yith-woocommerce-request-a-quote-premium-master/includes/class.yith-ywraq-order-request.php à la ligne 1921

2020-05-29T14:48:35+00:00 CRITICAL Uncaught Error: Call to a member function get() on null in /var/www/mwood/wp-content/plugins/yith-woocommerce-request-a-quote-premium-master/includes/class.yith-ywraq-order-request.php:1921
Stack trace:
#0 /var/www/mwood/wp-content/plugins/yith-woocommerce-request-a-quote-premium-master/includes/class.yith-ywraq-order-request.php(1964): YITH_YWRAQ_Order_Request->get_current_order_id()
#1 /var/www/mwood/wp-includes/class-wp-hook.php(288): YITH_YWRAQ_Order_Request->check_quote_in_cart('')
#2 /var/www/mwood/wp-includes/class-wp-hook.php(312): WP_Hook->apply_filters(NULL, Array)
#3 /var/www/mwood/wp-includes/plugin.php(478): WP_Hook->do_action(Array)
#4 /var/www/mwood/wp-settings.php(545): do_action('wp_loaded')
#5 /var/www/mwood/wp-config.php(114): require_once('/var/www/mwood/...')
#6 /var/www/mwood/wp-load.php(37): require_once('/var/www/mwood/...')
#7 /var/www/mwood/wp-blog-header.php(13): require_once('/var/www/mwood/...')
#8 /var/www/mwood/index.php(17): require('/var/www/mwood/...')
#9 {main}
  thrown dans /var/www/mwood/wp-content/plugins/yith-woocommerce-request-a-quote-premium-master/includes/class.yith-ywraq-order-request.php à la ligne 1921

2020-05-29T14:48:47+00:00 CRITICAL Uncaught Error: Call to a member function get() on null in /var/www/mwood/wp-content/plugins/yith-woocommerce-request-a-quote-premium-master/includes/class.yith-ywraq-order-request.php:1921
Stack trace:
#0 /var/www/mwood/wp-content/plugins/yith-woocommerce-request-a-quote-premium-master/includes/class.yith-ywraq-order-request.php(1964): YITH_YWRAQ_Order_Request->get_current_order_id()
#1 /var/www/mwood/wp-includes/class-wp-hook.php(288): YITH_YWRAQ_Order_Request->check_quote_in_cart('')
#2 /var/www/mwood/wp-includes/class-wp-hook.php(312): WP_Hook->apply_filters(NULL, Array)
#3 /var/www/mwood/wp-includes/plugin.php(478): WP_Hook->do_action(Array)
#4 /var/www/mwood/wp-settings.php(545): do_action('wp_loaded')
#5 /var/www/mwood/wp-config.php(114): require_once('/var/www/mwood/...')
#6 /var/www/mwood/wp-load.php(37): require_once('/var/www/mwood/...')
#7 /var/www/mwood/wp-cron.php(44): require_once('/var/www/mwood/...')
#8 {main}
  thrown dans /var/www/mwood/wp-content/plugins/yith-woocommerce-request-a-quote-premium-master/includes/class.yith-ywraq-order-request.php à la ligne 1921

2020-05-29T14:49:34+00:00 CRITICAL Uncaught Error: Call to a member function get() on null in /var/www/mwood/wp-content/plugins/yith-woocommerce-request-a-quote-premium-master/includes/class.yith-ywraq-order-request.php:1921
Stack trace:
#0 /var/www/mwood/wp-content/plugins/yith-woocommerce-request-a-quote-premium-master/includes/class.yith-ywraq-order-request.php(1964): YITH_YWRAQ_Order_Request->get_current_order_id()
#1 /var/www/mwood/wp-includes/class-wp-hook.php(288): YITH_YWRAQ_Order_Request->check_quote_in_cart('')
#2 /var/www/mwood/wp-includes/class-wp-hook.php(312): WP_Hook->apply_filters(NULL, Array)
#3 /var/www/mwood/wp-includes/plugin.php(478): WP_Hook->do_action(Array)
#4 /var/www/mwood/wp-settings.php(545): do_action('wp_loaded')
#5 /var/www/mwood/wp-config.php(114): require_once('/var/www/mwood/...')
#6 /var/www/mwood/wp-load.php(37): require_once('/var/www/mwood/...')
#7 /var/www/mwood/wp-blog-header.php(13): require_once('/var/www/mwood/...')
#8 /var/www/mwood/index.php(17): require('/var/www/mwood/...')
#9 {main}
  thrown dans /var/www/mwood/wp-content/plugins/yith-woocommerce-request-a-quote-premium-master/includes/class.yith-ywraq-order-request.php à la ligne 1921

2020-05-29T14:49:51+00:00 CRITICAL Uncaught Error: Call to a member function get() on null in /var/www/mwood/wp-content/plugins/yith-woocommerce-request-a-quote-premium-master/includes/class.yith-ywraq-order-request.php:1921
Stack trace:
#0 /var/www/mwood/wp-content/plugins/yith-woocommerce-request-a-quote-premium-master/includes/class.yith-ywraq-order-request.php(1964): YITH_YWRAQ_Order_Request->get_current_order_id()
#1 /var/www/mwood/wp-includes/class-wp-hook.php(288): YITH_YWRAQ_Order_Request->check_quote_in_cart('')
#2 /var/www/mwood/wp-includes/class-wp-hook.php(312): WP_Hook->apply_filters(NULL, Array)
#3 /var/www/mwood/wp-includes/plugin.php(478): WP_Hook->do_action(Array)
#4 /var/www/mwood/wp-settings.php(545): do_action('wp_loaded')
#5 /var/www/mwood/wp-config.php(114): require_once('/var/www/mwood/...')
#6 /var/www/mwood/wp-load.php(37): require_once('/var/www/mwood/...')
#7 /var/www/mwood/wp-cron.php(44): require_once('/var/www/mwood/...')
#8 {main}
  thrown dans /var/www/mwood/wp-content/plugins/yith-woocommerce-request-a-quote-premium-master/includes/class.yith-ywraq-order-request.php à la ligne 1921

2020-05-29T14:50:52+00:00 CRITICAL Uncaught Error: Call to a member function get() on null in /var/www/mwood/wp-content/plugins/yith-woocommerce-request-a-quote-premium-master/includes/class.yith-ywraq-order-request.php:1921
Stack trace:
#0 /var/www/mwood/wp-content/plugins/yith-woocommerce-request-a-quote-premium-master/includes/class.yith-ywraq-order-request.php(1964): YITH_YWRAQ_Order_Request->get_current_order_id()
#1 /var/www/mwood/wp-includes/class-wp-hook.php(288): YITH_YWRAQ_Order_Request->check_quote_in_cart('')
#2 /var/www/mwood/wp-includes/class-wp-hook.php(312): WP_Hook->apply_filters(NULL, Array)
#3 /var/www/mwood/wp-includes/plugin.php(478): WP_Hook->do_action(Array)
#4 /var/www/mwood/wp-settings.php(545): do_action('wp_loaded')
#5 /var/www/mwood/wp-config.php(114): require_once('/var/www/mwood/...')
#6 /var/www/mwood/wp-load.php(37): require_once('/var/www/mwood/...')
#7 /var/www/mwood/wp-cron.php(44): require_once('/var/www/mwood/...')
#8 {main}
  thrown dans /var/www/mwood/wp-content/plugins/yith-woocommerce-request-a-quote-premium-master/includes/class.yith-ywraq-order-request.php à la ligne 1921

2020-05-29T14:51:53+00:00 CRITICAL Uncaught Error: Call to a member function get() on null in /var/www/mwood/wp-content/plugins/yith-woocommerce-request-a-quote-premium-master/includes/class.yith-ywraq-order-request.php:1921
Stack trace:
#0 /var/www/mwood/wp-content/plugins/yith-woocommerce-request-a-quote-premium-master/includes/class.yith-ywraq-order-request.php(1964): YITH_YWRAQ_Order_Request->get_current_order_id()
#1 /var/www/mwood/wp-includes/class-wp-hook.php(288): YITH_YWRAQ_Order_Request->check_quote_in_cart('')
#2 /var/www/mwood/wp-includes/class-wp-hook.php(312): WP_Hook->apply_filters(NULL, Array)
#3 /var/www/mwood/wp-includes/plugin.php(478): WP_Hook->do_action(Array)
#4 /var/www/mwood/wp-settings.php(545): do_action('wp_loaded')
#5 /var/www/mwood/wp-config.php(114): require_once('/var/www/mwood/...')
#6 /var/www/mwood/wp-load.php(37): require_once('/var/www/mwood/...')
#7 /var/www/mwood/wp-cron.php(44): require_once('/var/www/mwood/...')
#8 {main}
  thrown dans /var/www/mwood/wp-content/plugins/yith-woocommerce-request-a-quote-premium-master/includes/class.yith-ywraq-order-request.php à la ligne 1921

2020-05-29T14:52:57+00:00 CRITICAL Uncaught Error: Call to a member function get() on null in /var/www/mwood/wp-content/plugins/yith-woocommerce-request-a-quote-premium-master/includes/class.yith-ywraq-order-request.php:1921
Stack trace:
#0 /var/www/mwood/wp-content/plugins/yith-woocommerce-request-a-quote-premium-master/includes/class.yith-ywraq-order-request.php(1964): YITH_YWRAQ_Order_Request->get_current_order_id()
#1 /var/www/mwood/wp-includes/class-wp-hook.php(288): YITH_YWRAQ_Order_Request->check_quote_in_cart('')
#2 /var/www/mwood/wp-includes/class-wp-hook.php(312): WP_Hook->apply_filters(NULL, Array)
#3 /var/www/mwood/wp-includes/plugin.php(478): WP_Hook->do_action(Array)
#4 /var/www/mwood/wp-settings.php(545): do_action('wp_loaded')
#5 /var/www/mwood/wp-config.php(114): require_once('/var/www/mwood/...')
#6 /var/www/mwood/wp-load.php(37): require_once('/var/www/mwood/...')
#7 /var/www/mwood/wp-cron.php(44): require_once('/var/www/mwood/...')
#8 {main}
  thrown dans /var/www/mwood/wp-content/plugins/yith-woocommerce-request-a-quote-premium-master/includes/class.yith-ywraq-order-request.php à la ligne 1921

2020-05-29T14:53:11+00:00 CRITICAL Uncaught Error: Call to a member function get() on null in /var/www/mwood/wp-content/plugins/yith-woocommerce-request-a-quote-premium-master/includes/class.yith-ywraq-order-request.php:1921
Stack trace:
#0 /var/www/mwood/wp-content/plugins/yith-woocommerce-request-a-quote-premium-master/includes/class.yith-ywraq-order-request.php(1964): YITH_YWRAQ_Order_Request->get_current_order_id()
#1 /var/www/mwood/wp-includes/class-wp-hook.php(288): YITH_YWRAQ_Order_Request->check_quote_in_cart('')
#2 /var/www/mwood/wp-includes/class-wp-hook.php(312): WP_Hook->apply_filters(NULL, Array)
#3 /var/www/mwood/wp-includes/plugin.php(478): WP_Hook->do_action(Array)
#4 /var/www/mwood/wp-settings.php(545): do_action('wp_loaded')
#5 /var/www/mwood/wp-config.php(114): require_once('/var/www/mwood/...')
#6 /var/www/mwood/wp-load.php(37): require_once('/var/www/mwood/...')
#7 /var/www/mwood/wp-blog-header.php(13): require_once('/var/www/mwood/...')
#8 /var/www/mwood/index.php(17): require('/var/www/mwood/...')
#9 {main}
  thrown dans /var/www/mwood/wp-content/plugins/yith-woocommerce-request-a-quote-premium-master/includes/class.yith-ywraq-order-request.php à la ligne 1921

2020-05-29T14:54:11+00:00 CRITICAL Uncaught Error: Call to a member function get() on null in /var/www/mwood/wp-content/plugins/yith-woocommerce-request-a-quote-premium-master/includes/class.yith-ywraq-order-request.php:1921
Stack trace:
#0 /var/www/mwood/wp-content/plugins/yith-woocommerce-request-a-quote-premium-master/includes/class.yith-ywraq-order-request.php(1964): YITH_YWRAQ_Order_Request->get_current_order_id()
#1 /var/www/mwood/wp-includes/class-wp-hook.php(288): YITH_YWRAQ_Order_Request->check_quote_in_cart('')
#2 /var/www/mwood/wp-includes/class-wp-hook.php(312): WP_Hook->apply_filters(NULL, Array)
#3 /var/www/mwood/wp-includes/plugin.php(478): WP_Hook->do_action(Array)
#4 /var/www/mwood/wp-settings.php(545): do_action('wp_loaded')
#5 /var/www/mwood/wp-config.php(114): require_once('/var/www/mwood/...')
#6 /var/www/mwood/wp-load.php(37): require_once('/var/www/mwood/...')
#7 /var/www/mwood/wp-cron.php(44): require_once('/var/www/mwood/...')
#8 {main}
  thrown dans /var/www/mwood/wp-content/plugins/yith-woocommerce-request-a-quote-premium-master/includes/class.yith-ywraq-order-request.php à la ligne 1921

2020-05-29T14:55:13+00:00 CRITICAL Uncaught Error: Call to a member function get() on null in /var/www/mwood/wp-content/plugins/yith-woocommerce-request-a-quote-premium-master/includes/class.yith-ywraq-order-request.php:1921
Stack trace:
#0 /var/www/mwood/wp-content/plugins/yith-woocommerce-request-a-quote-premium-master/includes/class.yith-ywraq-order-request.php(1964): YITH_YWRAQ_Order_Request->get_current_order_id()
#1 /var/www/mwood/wp-includes/class-wp-hook.php(288): YITH_YWRAQ_Order_Request->check_quote_in_cart('')
#2 /var/www/mwood/wp-includes/class-wp-hook.php(312): WP_Hook->apply_filters(NULL, Array)
#3 /var/www/mwood/wp-includes/plugin.php(478): WP_Hook->do_action(Array)
#4 /var/www/mwood/wp-settings.php(545): do_action('wp_loaded')
#5 /var/www/mwood/wp-config.php(114): require_once('/var/www/mwood/...')
#6 /var/www/mwood/wp-load.php(37): require_once('/var/www/mwood/...')
#7 /var/www/mwood/wp-cron.php(44): require_once('/var/www/mwood/...')
#8 {main}
  thrown dans /var/www/mwood/wp-content/plugins/yith-woocommerce-request-a-quote-premium-master/includes/class.yith-ywraq-order-request.php à la ligne 1921

2020-05-29T14:57:16+00:00 CRITICAL Uncaught Error: Call to a member function get() on null in /var/www/mwood/wp-content/plugins/yith-woocommerce-request-a-quote-premium-master/includes/class.yith-ywraq-order-request.php:1921
Stack trace:
#0 /var/www/mwood/wp-content/plugins/yith-woocommerce-request-a-quote-premium-master/includes/class.yith-ywraq-order-request.php(1964): YITH_YWRAQ_Order_Request->get_current_order_id()
#1 /var/www/mwood/wp-includes/class-wp-hook.php(288): YITH_YWRAQ_Order_Request->check_quote_in_cart('')
#2 /var/www/mwood/wp-includes/class-wp-hook.php(312): WP_Hook->apply_filters(NULL, Array)
#3 /var/www/mwood/wp-includes/plugin.php(478): WP_Hook->do_action(Array)
#4 /var/www/mwood/wp-settings.php(545): do_action('wp_loaded')
#5 /var/www/mwood/wp-config.php(114): require_once('/var/www/mwood/...')
#6 /var/www/mwood/wp-load.php(37): require_once('/var/www/mwood/...')
#7 /var/www/mwood/wp-cron.php(44): require_once('/var/www/mwood/...')
#8 {main}
  thrown dans /var/www/mwood/wp-content/plugins/yith-woocommerce-request-a-quote-premium-master/includes/class.yith-ywraq-order-request.php à la ligne 1921

2020-05-29T14:59:22+00:00 CRITICAL Uncaught Error: Call to a member function get() on null in /var/www/mwood/wp-content/plugins/yith-woocommerce-request-a-quote-premium-master/includes/class.yith-ywraq-order-request.php:1921
Stack trace:
#0 /var/www/mwood/wp-content/plugins/yith-woocommerce-request-a-quote-premium-master/includes/class.yith-ywraq-order-request.php(1964): YITH_YWRAQ_Order_Request->get_current_order_id()
#1 /var/www/mwood/wp-includes/class-wp-hook.php(288): YITH_YWRAQ_Order_Request->check_quote_in_cart('')
#2 /var/www/mwood/wp-includes/class-wp-hook.php(312): WP_Hook->apply_filters(NULL, Array)
#3 /var/www/mwood/wp-includes/plugin.php(478): WP_Hook->do_action(Array)
#4 /var/www/mwood/wp-settings.php(545): do_action('wp_loaded')
#5 /var/www/mwood/wp-config.php(114): require_once('/var/www/mwood/...')
#6 /var/www/mwood/wp-load.php(37): require_once('/var/www/mwood/...')
#7 /var/www/mwood/wp-cron.php(44): require_once('/var/www/mwood/...')
#8 {main}
  thrown dans /var/www/mwood/wp-content/plugins/yith-woocommerce-request-a-quote-premium-master/includes/class.yith-ywraq-order-request.php à la ligne 1921

2020-05-29T15:01:21+00:00 CRITICAL Uncaught Error: Call to a member function get() on null in /var/www/mwood/wp-content/plugins/yith-woocommerce-request-a-quote-premium-master/includes/class.yith-ywraq-order-request.php:1921
Stack trace:
#0 /var/www/mwood/wp-content/plugins/yith-woocommerce-request-a-quote-premium-master/includes/class.yith-ywraq-order-request.php(1964): YITH_YWRAQ_Order_Request->get_current_order_id()
#1 /var/www/mwood/wp-includes/class-wp-hook.php(288): YITH_YWRAQ_Order_Request->check_quote_in_cart('')
#2 /var/www/mwood/wp-includes/class-wp-hook.php(312): WP_Hook->apply_filters(NULL, Array)
#3 /var/www/mwood/wp-includes/plugin.php(478): WP_Hook->do_action(Array)
#4 /var/www/mwood/wp-settings.php(545): do_action('wp_loaded')
#5 /var/www/mwood/wp-config.php(114): require_once('/var/www/mwood/...')
#6 /var/www/mwood/wp-load.php(37): require_once('/var/www/mwood/...')
#7 /var/www/mwood/wp-cron.php(44): require_once('/var/www/mwood/...')
#8 {main}
  thrown dans /var/www/mwood/wp-content/plugins/yith-woocommerce-request-a-quote-premium-master/includes/class.yith-ywraq-order-request.php à la ligne 1921

2020-05-29T15:03:26+00:00 CRITICAL Uncaught Error: Call to a member function get() on null in /var/www/mwood/wp-content/plugins/yith-woocommerce-request-a-quote-premium-master/includes/class.yith-ywraq-order-request.php:1921
Stack trace:
#0 /var/www/mwood/wp-content/plugins/yith-woocommerce-request-a-quote-premium-master/includes/class.yith-ywraq-order-request.php(1964): YITH_YWRAQ_Order_Request->get_current_order_id()
#1 /var/www/mwood/wp-includes/class-wp-hook.php(288): YITH_YWRAQ_Order_Request->check_quote_in_cart('')
#2 /var/www/mwood/wp-includes/class-wp-hook.php(312): WP_Hook->apply_filters(NULL, Array)
#3 /var/www/mwood/wp-includes/plugin.php(478): WP_Hook->do_action(Array)
#4 /var/www/mwood/wp-settings.php(545): do_action('wp_loaded')
#5 /var/www/mwood/wp-config.php(114): require_once('/var/www/mwood/...')
#6 /var/www/mwood/wp-load.php(37): require_once('/var/www/mwood/...')
#7 /var/www/mwood/wp-cron.php(44): require_once('/var/www/mwood/...')
#8 {main}
  thrown dans /var/www/mwood/wp-content/plugins/yith-woocommerce-request-a-quote-premium-master/includes/class.yith-ywraq-order-request.php à la ligne 1921

2020-05-29T15:54:52+00:00 CRITICAL Uncaught Error: Call to a member function get() on null in /var/www/mwood/wp-content/plugins/yith-woocommerce-request-a-quote-premium-master/includes/class.yith-ywraq-order-request.php:1921
Stack trace:
#0 /var/www/mwood/wp-content/plugins/yith-woocommerce-request-a-quote-premium-master/includes/class.yith-ywraq-order-request.php(1964): YITH_YWRAQ_Order_Request->get_current_order_id()
#1 /var/www/mwood/wp-includes/class-wp-hook.php(288): YITH_YWRAQ_Order_Request->check_quote_in_cart('')
#2 /var/www/mwood/wp-includes/class-wp-hook.php(312): WP_Hook->apply_filters(NULL, Array)
#3 /var/www/mwood/wp-includes/plugin.php(478): WP_Hook->do_action(Array)
#4 /var/www/mwood/wp-settings.php(545): do_action('wp_loaded')
#5 /var/www/mwood/wp-config.php(114): require_once('/var/www/mwood/...')
#6 /var/www/mwood/wp-load.php(37): require_once('/var/www/mwood/...')
#7 /var/www/mwood/wp-cron.php(44): require_once('/var/www/mwood/...')
#8 {main}
  thrown dans /var/www/mwood/wp-content/plugins/yith-woocommerce-request-a-quote-premium-master/includes/class.yith-ywraq-order-request.php à la ligne 1921

2020-05-29T16:01:14+00:00 CRITICAL Uncaught Error: Call to a member function get() on null in /var/www/mwood/wp-content/plugins/yith-woocommerce-request-a-quote-premium-master/includes/class.yith-ywraq-order-request.php:1921
Stack trace:
#0 /var/www/mwood/wp-content/plugins/yith-woocommerce-request-a-quote-premium-master/includes/class.yith-ywraq-order-request.php(1964): YITH_YWRAQ_Order_Request->get_current_order_id()
#1 /var/www/mwood/wp-includes/class-wp-hook.php(288): YITH_YWRAQ_Order_Request->check_quote_in_cart('')
#2 /var/www/mwood/wp-includes/class-wp-hook.php(312): WP_Hook->apply_filters(NULL, Array)
#3 /var/www/mwood/wp-includes/plugin.php(478): WP_Hook->do_action(Array)
#4 /var/www/mwood/wp-settings.php(545): do_action('wp_loaded')
#5 /var/www/mwood/wp-config.php(114): require_once('/var/www/mwood/...')
#6 /var/www/mwood/wp-load.php(37): require_once('/var/www/mwood/...')
#7 /var/www/mwood/wp-cron.php(44): require_once('/var/www/mwood/...')
#8 {main}
  thrown dans /var/www/mwood/wp-content/plugins/yith-woocommerce-request-a-quote-premium-master/includes/class.yith-ywraq-order-request.php à la ligne 1921

2020-05-29T16:01:15+00:00 CRITICAL Uncaught Error: Call to a member function get() on null in /var/www/mwood/wp-content/plugins/yith-woocommerce-request-a-quote-premium-master/includes/class.yith-ywraq-order-request.php:1921
Stack trace:
#0 /var/www/mwood/wp-content/plugins/yith-woocommerce-request-a-quote-premium-master/includes/class.yith-ywraq-order-request.php(1964): YITH_YWRAQ_Order_Request->get_current_order_id()
#1 /var/www/mwood/wp-includes/class-wp-hook.php(288): YITH_YWRAQ_Order_Request->check_quote_in_cart('')
#2 /var/www/mwood/wp-includes/class-wp-hook.php(312): WP_Hook->apply_filters(NULL, Array)
#3 /var/www/mwood/wp-includes/plugin.php(478): WP_Hook->do_action(Array)
#4 /var/www/mwood/wp-settings.php(545): do_action('wp_loaded')
#5 /var/www/mwood/wp-config.php(114): require_once('/var/www/mwood/...')
#6 /var/www/mwood/wp-load.php(37): require_once('/var/www/mwood/...')
#7 /var/www/mwood/wp-cron.php(44): require_once('/var/www/mwood/...')
#8 {main}
  thrown dans /var/www/mwood/wp-content/plugins/yith-woocommerce-request-a-quote-premium-master/includes/class.yith-ywraq-order-request.php à la ligne 1921

