2020-02-16T12:59:55+00:00 CRITICAL Uncaught Error: Call to a member function get() on null in E:\wamp64\www\mwood\wp-content\plugins\yith-woocommerce-request-a-quote-premium-master\includes\class.yith-ywraq-order-request.php:1921
Stack trace:
#0 E:\wamp64\www\mwood\wp-content\plugins\yith-woocommerce-request-a-quote-premium-master\includes\class.yith-ywraq-order-request.php(1964): YITH_YWRAQ_Order_Request->get_current_order_id()
#1 E:\wamp64\www\mwood\wp-includes\class-wp-hook.php(288): YITH_YWRAQ_Order_Request->check_quote_in_cart('')
#2 E:\wamp64\www\mwood\wp-includes\class-wp-hook.php(312): WP_Hook->apply_filters(NULL, Array)
#3 E:\wamp64\www\mwood\wp-includes\plugin.php(478): WP_Hook->do_action(Array)
#4 E:\wamp64\www\mwood\wp-settings.php(545): do_action('wp_loaded')
#5 E:\wamp64\www\mwood\wp-config.php(122): require_once('E:\\wamp64\\www\\m...')
#6 E:\wamp64\www\mwood\wp-load.php(37): require_once('E:\\wamp64\\www\\m...')
#7 E:\wamp64\www\mwood\wp-cron.php(44): require_once('E:\\wamp64\\www\\m...')
#8 {main}
  thrown dans E:\wamp64\www\mwood\wp-content\plugins\yith-woocommerce-request-a-quote-premium-master\includes\class.yith-ywraq-order-request.php à la ligne 1921

2020-02-16T13:00:18+00:00 CRITICAL Uncaught Error: Call to a member function get() on null in E:\wamp64\www\mwood\wp-content\plugins\yith-woocommerce-request-a-quote-premium-master\includes\class.yith-ywraq-order-request.php:1921
Stack trace:
#0 E:\wamp64\www\mwood\wp-content\plugins\yith-woocommerce-request-a-quote-premium-master\includes\class.yith-ywraq-order-request.php(1964): YITH_YWRAQ_Order_Request->get_current_order_id()
#1 E:\wamp64\www\mwood\wp-includes\class-wp-hook.php(288): YITH_YWRAQ_Order_Request->check_quote_in_cart('')
#2 E:\wamp64\www\mwood\wp-includes\class-wp-hook.php(312): WP_Hook->apply_filters(NULL, Array)
#3 E:\wamp64\www\mwood\wp-includes\plugin.php(478): WP_Hook->do_action(Array)
#4 E:\wamp64\www\mwood\wp-settings.php(545): do_action('wp_loaded')
#5 E:\wamp64\www\mwood\wp-config.php(122): require_once('E:\\wamp64\\www\\m...')
#6 E:\wamp64\www\mwood\wp-load.php(37): require_once('E:\\wamp64\\www\\m...')
#7 E:\wamp64\www\mwood\wp-blog-header.php(13): require_once('E:\\wamp64\\www\\m...')
#8 E:\wamp64\www\mwood\index.php dans E:\wamp64\www\mwood\wp-content\plugins\yith-woocommerce-request-a-quote-premium-master\includes\class.yith-ywraq-order-request.php à la ligne 1921

2020-02-16T13:00:19+00:00 CRITICAL Uncaught Error: Call to a member function get() on null in E:\wamp64\www\mwood\wp-content\plugins\yith-woocommerce-request-a-quote-premium-master\includes\class.yith-ywraq-order-request.php:1921
Stack trace:
#0 E:\wamp64\www\mwood\wp-content\plugins\yith-woocommerce-request-a-quote-premium-master\includes\class.yith-ywraq-order-request.php(1964): YITH_YWRAQ_Order_Request->get_current_order_id()
#1 E:\wamp64\www\mwood\wp-includes\class-wp-hook.php(288): YITH_YWRAQ_Order_Request->check_quote_in_cart('')
#2 E:\wamp64\www\mwood\wp-includes\class-wp-hook.php(312): WP_Hook->apply_filters(NULL, Array)
#3 E:\wamp64\www\mwood\wp-includes\plugin.php(478): WP_Hook->do_action(Array)
#4 E:\wamp64\www\mwood\wp-settings.php(545): do_action('wp_loaded')
#5 E:\wamp64\www\mwood\wp-config.php(122): require_once('E:\\wamp64\\www\\m...')
#6 E:\wamp64\www\mwood\wp-load.php(37): require_once('E:\\wamp64\\www\\m...')
#7 E:\wamp64\www\mwood\wp-blog-header.php(13): require_once('E:\\wamp64\\www\\m...')
#8 E:\wamp64\www\mwood\index.php dans E:\wamp64\www\mwood\wp-content\plugins\yith-woocommerce-request-a-quote-premium-master\includes\class.yith-ywraq-order-request.php à la ligne 1921

2020-02-16T13:00:19+00:00 CRITICAL Uncaught Error: Call to a member function get() on null in E:\wamp64\www\mwood\wp-content\plugins\yith-woocommerce-request-a-quote-premium-master\includes\class.yith-ywraq-order-request.php:1921
Stack trace:
#0 E:\wamp64\www\mwood\wp-content\plugins\yith-woocommerce-request-a-quote-premium-master\includes\class.yith-ywraq-order-request.php(1964): YITH_YWRAQ_Order_Request->get_current_order_id()
#1 E:\wamp64\www\mwood\wp-includes\class-wp-hook.php(288): YITH_YWRAQ_Order_Request->check_quote_in_cart('')
#2 E:\wamp64\www\mwood\wp-includes\class-wp-hook.php(312): WP_Hook->apply_filters(NULL, Array)
#3 E:\wamp64\www\mwood\wp-includes\plugin.php(478): WP_Hook->do_action(Array)
#4 E:\wamp64\www\mwood\wp-settings.php(545): do_action('wp_loaded')
#5 E:\wamp64\www\mwood\wp-config.php(122): require_once('E:\\wamp64\\www\\m...')
#6 E:\wamp64\www\mwood\wp-load.php(37): require_once('E:\\wamp64\\www\\m...')
#7 E:\wamp64\www\mwood\wp-blog-header.php(13): require_once('E:\\wamp64\\www\\m...')
#8 E:\wamp64\www\mwood\index.php dans E:\wamp64\www\mwood\wp-content\plugins\yith-woocommerce-request-a-quote-premium-master\includes\class.yith-ywraq-order-request.php à la ligne 1921

2020-02-16T13:00:20+00:00 CRITICAL Uncaught Error: Call to a member function get() on null in E:\wamp64\www\mwood\wp-content\plugins\yith-woocommerce-request-a-quote-premium-master\includes\class.yith-ywraq-order-request.php:1921
Stack trace:
#0 E:\wamp64\www\mwood\wp-content\plugins\yith-woocommerce-request-a-quote-premium-master\includes\class.yith-ywraq-order-request.php(1964): YITH_YWRAQ_Order_Request->get_current_order_id()
#1 E:\wamp64\www\mwood\wp-includes\class-wp-hook.php(288): YITH_YWRAQ_Order_Request->check_quote_in_cart('')
#2 E:\wamp64\www\mwood\wp-includes\class-wp-hook.php(312): WP_Hook->apply_filters(NULL, Array)
#3 E:\wamp64\www\mwood\wp-includes\plugin.php(478): WP_Hook->do_action(Array)
#4 E:\wamp64\www\mwood\wp-settings.php(545): do_action('wp_loaded')
#5 E:\wamp64\www\mwood\wp-config.php(122): require_once('E:\\wamp64\\www\\m...')
#6 E:\wamp64\www\mwood\wp-load.php(37): require_once('E:\\wamp64\\www\\m...')
#7 E:\wamp64\www\mwood\wp-blog-header.php(13): require_once('E:\\wamp64\\www\\m...')
#8 E:\wamp64\www\mwood\index.php dans E:\wamp64\www\mwood\wp-content\plugins\yith-woocommerce-request-a-quote-premium-master\includes\class.yith-ywraq-order-request.php à la ligne 1921

2020-02-16T13:00:20+00:00 CRITICAL Uncaught Error: Call to a member function get() on null in E:\wamp64\www\mwood\wp-content\plugins\yith-woocommerce-request-a-quote-premium-master\includes\class.yith-ywraq-order-request.php:1921
Stack trace:
#0 E:\wamp64\www\mwood\wp-content\plugins\yith-woocommerce-request-a-quote-premium-master\includes\class.yith-ywraq-order-request.php(1964): YITH_YWRAQ_Order_Request->get_current_order_id()
#1 E:\wamp64\www\mwood\wp-includes\class-wp-hook.php(288): YITH_YWRAQ_Order_Request->check_quote_in_cart('')
#2 E:\wamp64\www\mwood\wp-includes\class-wp-hook.php(312): WP_Hook->apply_filters(NULL, Array)
#3 E:\wamp64\www\mwood\wp-includes\plugin.php(478): WP_Hook->do_action(Array)
#4 E:\wamp64\www\mwood\wp-settings.php(545): do_action('wp_loaded')
#5 E:\wamp64\www\mwood\wp-config.php(122): require_once('E:\\wamp64\\www\\m...')
#6 E:\wamp64\www\mwood\wp-load.php(37): require_once('E:\\wamp64\\www\\m...')
#7 E:\wamp64\www\mwood\wp-blog-header.php(13): require_once('E:\\wamp64\\www\\m...')
#8 E:\wamp64\www\mwood\index.php dans E:\wamp64\www\mwood\wp-content\plugins\yith-woocommerce-request-a-quote-premium-master\includes\class.yith-ywraq-order-request.php à la ligne 1921

2020-02-16T13:00:20+00:00 CRITICAL Uncaught Error: Call to a member function get() on null in E:\wamp64\www\mwood\wp-content\plugins\yith-woocommerce-request-a-quote-premium-master\includes\class.yith-ywraq-order-request.php:1921
Stack trace:
#0 E:\wamp64\www\mwood\wp-content\plugins\yith-woocommerce-request-a-quote-premium-master\includes\class.yith-ywraq-order-request.php(1964): YITH_YWRAQ_Order_Request->get_current_order_id()
#1 E:\wamp64\www\mwood\wp-includes\class-wp-hook.php(288): YITH_YWRAQ_Order_Request->check_quote_in_cart('')
#2 E:\wamp64\www\mwood\wp-includes\class-wp-hook.php(312): WP_Hook->apply_filters(NULL, Array)
#3 E:\wamp64\www\mwood\wp-includes\plugin.php(478): WP_Hook->do_action(Array)
#4 E:\wamp64\www\mwood\wp-settings.php(545): do_action('wp_loaded')
#5 E:\wamp64\www\mwood\wp-config.php(122): require_once('E:\\wamp64\\www\\m...')
#6 E:\wamp64\www\mwood\wp-load.php(37): require_once('E:\\wamp64\\www\\m...')
#7 E:\wamp64\www\mwood\wp-blog-header.php(13): require_once('E:\\wamp64\\www\\m...')
#8 E:\wamp64\www\mwood\index.php dans E:\wamp64\www\mwood\wp-content\plugins\yith-woocommerce-request-a-quote-premium-master\includes\class.yith-ywraq-order-request.php à la ligne 1921

2020-02-16T13:00:21+00:00 CRITICAL Uncaught Error: Call to a member function get() on null in E:\wamp64\www\mwood\wp-content\plugins\yith-woocommerce-request-a-quote-premium-master\includes\class.yith-ywraq-order-request.php:1921
Stack trace:
#0 E:\wamp64\www\mwood\wp-content\plugins\yith-woocommerce-request-a-quote-premium-master\includes\class.yith-ywraq-order-request.php(1964): YITH_YWRAQ_Order_Request->get_current_order_id()
#1 E:\wamp64\www\mwood\wp-includes\class-wp-hook.php(288): YITH_YWRAQ_Order_Request->check_quote_in_cart('')
#2 E:\wamp64\www\mwood\wp-includes\class-wp-hook.php(312): WP_Hook->apply_filters(NULL, Array)
#3 E:\wamp64\www\mwood\wp-includes\plugin.php(478): WP_Hook->do_action(Array)
#4 E:\wamp64\www\mwood\wp-settings.php(545): do_action('wp_loaded')
#5 E:\wamp64\www\mwood\wp-config.php(122): require_once('E:\\wamp64\\www\\m...')
#6 E:\wamp64\www\mwood\wp-load.php(37): require_once('E:\\wamp64\\www\\m...')
#7 E:\wamp64\www\mwood\wp-blog-header.php(13): require_once('E:\\wamp64\\www\\m...')
#8 E:\wamp64\www\mwood\index.php dans E:\wamp64\www\mwood\wp-content\plugins\yith-woocommerce-request-a-quote-premium-master\includes\class.yith-ywraq-order-request.php à la ligne 1921

2020-02-16T13:00:21+00:00 CRITICAL Uncaught Error: Call to a member function get() on null in E:\wamp64\www\mwood\wp-content\plugins\yith-woocommerce-request-a-quote-premium-master\includes\class.yith-ywraq-order-request.php:1921
Stack trace:
#0 E:\wamp64\www\mwood\wp-content\plugins\yith-woocommerce-request-a-quote-premium-master\includes\class.yith-ywraq-order-request.php(1964): YITH_YWRAQ_Order_Request->get_current_order_id()
#1 E:\wamp64\www\mwood\wp-includes\class-wp-hook.php(288): YITH_YWRAQ_Order_Request->check_quote_in_cart('')
#2 E:\wamp64\www\mwood\wp-includes\class-wp-hook.php(312): WP_Hook->apply_filters(NULL, Array)
#3 E:\wamp64\www\mwood\wp-includes\plugin.php(478): WP_Hook->do_action(Array)
#4 E:\wamp64\www\mwood\wp-settings.php(545): do_action('wp_loaded')
#5 E:\wamp64\www\mwood\wp-config.php(122): require_once('E:\\wamp64\\www\\m...')
#6 E:\wamp64\www\mwood\wp-load.php(37): require_once('E:\\wamp64\\www\\m...')
#7 E:\wamp64\www\mwood\wp-blog-header.php(13): require_once('E:\\wamp64\\www\\m...')
#8 E:\wamp64\www\mwood\index.php dans E:\wamp64\www\mwood\wp-content\plugins\yith-woocommerce-request-a-quote-premium-master\includes\class.yith-ywraq-order-request.php à la ligne 1921

2020-02-16T13:00:21+00:00 CRITICAL Uncaught Error: Call to a member function get() on null in E:\wamp64\www\mwood\wp-content\plugins\yith-woocommerce-request-a-quote-premium-master\includes\class.yith-ywraq-order-request.php:1921
Stack trace:
#0 E:\wamp64\www\mwood\wp-content\plugins\yith-woocommerce-request-a-quote-premium-master\includes\class.yith-ywraq-order-request.php(1964): YITH_YWRAQ_Order_Request->get_current_order_id()
#1 E:\wamp64\www\mwood\wp-includes\class-wp-hook.php(288): YITH_YWRAQ_Order_Request->check_quote_in_cart('')
#2 E:\wamp64\www\mwood\wp-includes\class-wp-hook.php(312): WP_Hook->apply_filters(NULL, Array)
#3 E:\wamp64\www\mwood\wp-includes\plugin.php(478): WP_Hook->do_action(Array)
#4 E:\wamp64\www\mwood\wp-settings.php(545): do_action('wp_loaded')
#5 E:\wamp64\www\mwood\wp-config.php(122): require_once('E:\\wamp64\\www\\m...')
#6 E:\wamp64\www\mwood\wp-load.php(37): require_once('E:\\wamp64\\www\\m...')
#7 E:\wamp64\www\mwood\wp-blog-header.php(13): require_once('E:\\wamp64\\www\\m...')
#8 E:\wamp64\www\mwood\index.php dans E:\wamp64\www\mwood\wp-content\plugins\yith-woocommerce-request-a-quote-premium-master\includes\class.yith-ywraq-order-request.php à la ligne 1921

2020-02-16T13:01:20+00:00 CRITICAL Uncaught Error: Call to a member function get() on null in E:\wamp64\www\mwood\wp-content\plugins\yith-woocommerce-request-a-quote-premium-master\includes\class.yith-ywraq-order-request.php:1921
Stack trace:
#0 E:\wamp64\www\mwood\wp-content\plugins\yith-woocommerce-request-a-quote-premium-master\includes\class.yith-ywraq-order-request.php(1964): YITH_YWRAQ_Order_Request->get_current_order_id()
#1 E:\wamp64\www\mwood\wp-includes\class-wp-hook.php(288): YITH_YWRAQ_Order_Request->check_quote_in_cart('')
#2 E:\wamp64\www\mwood\wp-includes\class-wp-hook.php(312): WP_Hook->apply_filters(NULL, Array)
#3 E:\wamp64\www\mwood\wp-includes\plugin.php(478): WP_Hook->do_action(Array)
#4 E:\wamp64\www\mwood\wp-settings.php(545): do_action('wp_loaded')
#5 E:\wamp64\www\mwood\wp-config.php(122): require_once('E:\\wamp64\\www\\m...')
#6 E:\wamp64\www\mwood\wp-load.php(37): require_once('E:\\wamp64\\www\\m...')
#7 E:\wamp64\www\mwood\wp-cron.php(44): require_once('E:\\wamp64\\www\\m...')
#8 {main}
  thrown dans E:\wamp64\www\mwood\wp-content\plugins\yith-woocommerce-request-a-quote-premium-master\includes\class.yith-ywraq-order-request.php à la ligne 1921

2020-02-16T13:03:19+00:00 CRITICAL Uncaught Error: Call to a member function get() on null in E:\wamp64\www\mwood\wp-content\plugins\yith-woocommerce-request-a-quote-premium-master\includes\class.yith-ywraq-order-request.php:1921
Stack trace:
#0 E:\wamp64\www\mwood\wp-content\plugins\yith-woocommerce-request-a-quote-premium-master\includes\class.yith-ywraq-order-request.php(1964): YITH_YWRAQ_Order_Request->get_current_order_id()
#1 E:\wamp64\www\mwood\wp-includes\class-wp-hook.php(288): YITH_YWRAQ_Order_Request->check_quote_in_cart('')
#2 E:\wamp64\www\mwood\wp-includes\class-wp-hook.php(312): WP_Hook->apply_filters(NULL, Array)
#3 E:\wamp64\www\mwood\wp-includes\plugin.php(478): WP_Hook->do_action(Array)
#4 E:\wamp64\www\mwood\wp-settings.php(545): do_action('wp_loaded')
#5 E:\wamp64\www\mwood\wp-config.php(122): require_once('E:\\wamp64\\www\\m...')
#6 E:\wamp64\www\mwood\wp-load.php(37): require_once('E:\\wamp64\\www\\m...')
#7 E:\wamp64\www\mwood\wp-cron.php(44): require_once('E:\\wamp64\\www\\m...')
#8 {main}
  thrown dans E:\wamp64\www\mwood\wp-content\plugins\yith-woocommerce-request-a-quote-premium-master\includes\class.yith-ywraq-order-request.php à la ligne 1921

2020-02-16T13:05:19+00:00 CRITICAL Uncaught Error: Call to a member function get() on null in E:\wamp64\www\mwood\wp-content\plugins\yith-woocommerce-request-a-quote-premium-master\includes\class.yith-ywraq-order-request.php:1921
Stack trace:
#0 E:\wamp64\www\mwood\wp-content\plugins\yith-woocommerce-request-a-quote-premium-master\includes\class.yith-ywraq-order-request.php(1964): YITH_YWRAQ_Order_Request->get_current_order_id()
#1 E:\wamp64\www\mwood\wp-includes\class-wp-hook.php(288): YITH_YWRAQ_Order_Request->check_quote_in_cart('')
#2 E:\wamp64\www\mwood\wp-includes\class-wp-hook.php(312): WP_Hook->apply_filters(NULL, Array)
#3 E:\wamp64\www\mwood\wp-includes\plugin.php(478): WP_Hook->do_action(Array)
#4 E:\wamp64\www\mwood\wp-settings.php(545): do_action('wp_loaded')
#5 E:\wamp64\www\mwood\wp-config.php(122): require_once('E:\\wamp64\\www\\m...')
#6 E:\wamp64\www\mwood\wp-load.php(37): require_once('E:\\wamp64\\www\\m...')
#7 E:\wamp64\www\mwood\wp-cron.php(44): require_once('E:\\wamp64\\www\\m...')
#8 {main}
  thrown dans E:\wamp64\www\mwood\wp-content\plugins\yith-woocommerce-request-a-quote-premium-master\includes\class.yith-ywraq-order-request.php à la ligne 1921

2020-02-16T13:07:19+00:00 CRITICAL Uncaught Error: Call to a member function get() on null in E:\wamp64\www\mwood\wp-content\plugins\yith-woocommerce-request-a-quote-premium-master\includes\class.yith-ywraq-order-request.php:1921
Stack trace:
#0 E:\wamp64\www\mwood\wp-content\plugins\yith-woocommerce-request-a-quote-premium-master\includes\class.yith-ywraq-order-request.php(1964): YITH_YWRAQ_Order_Request->get_current_order_id()
#1 E:\wamp64\www\mwood\wp-includes\class-wp-hook.php(288): YITH_YWRAQ_Order_Request->check_quote_in_cart('')
#2 E:\wamp64\www\mwood\wp-includes\class-wp-hook.php(312): WP_Hook->apply_filters(NULL, Array)
#3 E:\wamp64\www\mwood\wp-includes\plugin.php(478): WP_Hook->do_action(Array)
#4 E:\wamp64\www\mwood\wp-settings.php(545): do_action('wp_loaded')
#5 E:\wamp64\www\mwood\wp-config.php(122): require_once('E:\\wamp64\\www\\m...')
#6 E:\wamp64\www\mwood\wp-load.php(37): require_once('E:\\wamp64\\www\\m...')
#7 E:\wamp64\www\mwood\wp-cron.php(44): require_once('E:\\wamp64\\www\\m...')
#8 {main}
  thrown dans E:\wamp64\www\mwood\wp-content\plugins\yith-woocommerce-request-a-quote-premium-master\includes\class.yith-ywraq-order-request.php à la ligne 1921

2020-02-16T13:08:20+00:00 CRITICAL Uncaught Error: Call to a member function get() on null in E:\wamp64\www\mwood\wp-content\plugins\yith-woocommerce-request-a-quote-premium-master\includes\class.yith-ywraq-order-request.php:1921
Stack trace:
#0 E:\wamp64\www\mwood\wp-content\plugins\yith-woocommerce-request-a-quote-premium-master\includes\class.yith-ywraq-order-request.php(1964): YITH_YWRAQ_Order_Request->get_current_order_id()
#1 E:\wamp64\www\mwood\wp-includes\class-wp-hook.php(288): YITH_YWRAQ_Order_Request->check_quote_in_cart('')
#2 E:\wamp64\www\mwood\wp-includes\class-wp-hook.php(312): WP_Hook->apply_filters(NULL, Array)
#3 E:\wamp64\www\mwood\wp-includes\plugin.php(478): WP_Hook->do_action(Array)
#4 E:\wamp64\www\mwood\wp-settings.php(545): do_action('wp_loaded')
#5 E:\wamp64\www\mwood\wp-config.php(122): require_once('E:\\wamp64\\www\\m...')
#6 E:\wamp64\www\mwood\wp-load.php(37): require_once('E:\\wamp64\\www\\m...')
#7 E:\wamp64\www\mwood\wp-cron.php(44): require_once('E:\\wamp64\\www\\m...')
#8 {main}
  thrown dans E:\wamp64\www\mwood\wp-content\plugins\yith-woocommerce-request-a-quote-premium-master\includes\class.yith-ywraq-order-request.php à la ligne 1921

2020-02-16T13:09:33+00:00 CRITICAL Uncaught Error: Call to a member function get() on null in E:\wamp64\www\mwood\wp-content\plugins\yith-woocommerce-request-a-quote-premium-master\includes\class.yith-ywraq-order-request.php:1921
Stack trace:
#0 E:\wamp64\www\mwood\wp-content\plugins\yith-woocommerce-request-a-quote-premium-master\includes\class.yith-ywraq-order-request.php(1964): YITH_YWRAQ_Order_Request->get_current_order_id()
#1 E:\wamp64\www\mwood\wp-includes\class-wp-hook.php(288): YITH_YWRAQ_Order_Request->check_quote_in_cart('')
#2 E:\wamp64\www\mwood\wp-includes\class-wp-hook.php(312): WP_Hook->apply_filters(NULL, Array)
#3 E:\wamp64\www\mwood\wp-includes\plugin.php(478): WP_Hook->do_action(Array)
#4 E:\wamp64\www\mwood\wp-settings.php(545): do_action('wp_loaded')
#5 E:\wamp64\www\mwood\wp-config.php(122): require_once('E:\\wamp64\\www\\m...')
#6 E:\wamp64\www\mwood\wp-load.php(37): require_once('E:\\wamp64\\www\\m...')
#7 E:\wamp64\www\mwood\wp-cron.php(44): require_once('E:\\wamp64\\www\\m...')
#8 {main}
  thrown dans E:\wamp64\www\mwood\wp-content\plugins\yith-woocommerce-request-a-quote-premium-master\includes\class.yith-ywraq-order-request.php à la ligne 1921

2020-02-16T13:10:50+00:00 CRITICAL Uncaught Error: Call to a member function get() on null in E:\wamp64\www\mwood\wp-content\plugins\yith-woocommerce-request-a-quote-premium-master\includes\class.yith-ywraq-order-request.php:1921
Stack trace:
#0 E:\wamp64\www\mwood\wp-content\plugins\yith-woocommerce-request-a-quote-premium-master\includes\class.yith-ywraq-order-request.php(1964): YITH_YWRAQ_Order_Request->get_current_order_id()
#1 E:\wamp64\www\mwood\wp-includes\class-wp-hook.php(288): YITH_YWRAQ_Order_Request->check_quote_in_cart('')
#2 E:\wamp64\www\mwood\wp-includes\class-wp-hook.php(312): WP_Hook->apply_filters(NULL, Array)
#3 E:\wamp64\www\mwood\wp-includes\plugin.php(478): WP_Hook->do_action(Array)
#4 E:\wamp64\www\mwood\wp-settings.php(545): do_action('wp_loaded')
#5 E:\wamp64\www\mwood\wp-config.php(122): require_once('E:\\wamp64\\www\\m...')
#6 E:\wamp64\www\mwood\wp-load.php(37): require_once('E:\\wamp64\\www\\m...')
#7 E:\wamp64\www\mwood\wp-cron.php(44): require_once('E:\\wamp64\\www\\m...')
#8 {main}
  thrown dans E:\wamp64\www\mwood\wp-content\plugins\yith-woocommerce-request-a-quote-premium-master\includes\class.yith-ywraq-order-request.php à la ligne 1921

2020-02-16T13:12:02+00:00 CRITICAL Uncaught Error: Call to a member function get() on null in E:\wamp64\www\mwood\wp-content\plugins\yith-woocommerce-request-a-quote-premium-master\includes\class.yith-ywraq-order-request.php:1921
Stack trace:
#0 E:\wamp64\www\mwood\wp-content\plugins\yith-woocommerce-request-a-quote-premium-master\includes\class.yith-ywraq-order-request.php(1964): YITH_YWRAQ_Order_Request->get_current_order_id()
#1 E:\wamp64\www\mwood\wp-includes\class-wp-hook.php(288): YITH_YWRAQ_Order_Request->check_quote_in_cart('')
#2 E:\wamp64\www\mwood\wp-includes\class-wp-hook.php(312): WP_Hook->apply_filters(NULL, Array)
#3 E:\wamp64\www\mwood\wp-includes\plugin.php(478): WP_Hook->do_action(Array)
#4 E:\wamp64\www\mwood\wp-settings.php(545): do_action('wp_loaded')
#5 E:\wamp64\www\mwood\wp-config.php(122): require_once('E:\\wamp64\\www\\m...')
#6 E:\wamp64\www\mwood\wp-load.php(37): require_once('E:\\wamp64\\www\\m...')
#7 E:\wamp64\www\mwood\wp-cron.php(44): require_once('E:\\wamp64\\www\\m...')
#8 {main}
  thrown dans E:\wamp64\www\mwood\wp-content\plugins\yith-woocommerce-request-a-quote-premium-master\includes\class.yith-ywraq-order-request.php à la ligne 1921

2020-02-16T13:12:03+00:00 CRITICAL Uncaught Error: Call to a member function get() on null in E:\wamp64\www\mwood\wp-content\plugins\yith-woocommerce-request-a-quote-premium-master\includes\class.yith-ywraq-order-request.php:1921
Stack trace:
#0 E:\wamp64\www\mwood\wp-content\plugins\yith-woocommerce-request-a-quote-premium-master\includes\class.yith-ywraq-order-request.php(1964): YITH_YWRAQ_Order_Request->get_current_order_id()
#1 E:\wamp64\www\mwood\wp-includes\class-wp-hook.php(288): YITH_YWRAQ_Order_Request->check_quote_in_cart('')
#2 E:\wamp64\www\mwood\wp-includes\class-wp-hook.php(312): WP_Hook->apply_filters(NULL, Array)
#3 E:\wamp64\www\mwood\wp-includes\plugin.php(478): WP_Hook->do_action(Array)
#4 E:\wamp64\www\mwood\wp-settings.php(545): do_action('wp_loaded')
#5 E:\wamp64\www\mwood\wp-config.php(122): require_once('E:\\wamp64\\www\\m...')
#6 E:\wamp64\www\mwood\wp-load.php(37): require_once('E:\\wamp64\\www\\m...')
#7 E:\wamp64\www\mwood\wp-cron.php(44): require_once('E:\\wamp64\\www\\m...')
#8 {main}
  thrown dans E:\wamp64\www\mwood\wp-content\plugins\yith-woocommerce-request-a-quote-premium-master\includes\class.yith-ywraq-order-request.php à la ligne 1921

2020-02-16T13:13:14+00:00 CRITICAL Uncaught Error: Call to a member function get() on null in E:\wamp64\www\mwood\wp-content\plugins\yith-woocommerce-request-a-quote-premium-master\includes\class.yith-ywraq-order-request.php:1921
Stack trace:
#0 E:\wamp64\www\mwood\wp-content\plugins\yith-woocommerce-request-a-quote-premium-master\includes\class.yith-ywraq-order-request.php(1964): YITH_YWRAQ_Order_Request->get_current_order_id()
#1 E:\wamp64\www\mwood\wp-includes\class-wp-hook.php(288): YITH_YWRAQ_Order_Request->check_quote_in_cart('')
#2 E:\wamp64\www\mwood\wp-includes\class-wp-hook.php(312): WP_Hook->apply_filters(NULL, Array)
#3 E:\wamp64\www\mwood\wp-includes\plugin.php(478): WP_Hook->do_action(Array)
#4 E:\wamp64\www\mwood\wp-settings.php(545): do_action('wp_loaded')
#5 E:\wamp64\www\mwood\wp-config.php(122): require_once('E:\\wamp64\\www\\m...')
#6 E:\wamp64\www\mwood\wp-load.php(37): require_once('E:\\wamp64\\www\\m...')
#7 E:\wamp64\www\mwood\wp-cron.php(44): require_once('E:\\wamp64\\www\\m...')
#8 {main}
  thrown dans E:\wamp64\www\mwood\wp-content\plugins\yith-woocommerce-request-a-quote-premium-master\includes\class.yith-ywraq-order-request.php à la ligne 1921

2020-02-16T13:14:21+00:00 CRITICAL Uncaught Error: Call to a member function get() on null in E:\wamp64\www\mwood\wp-content\plugins\yith-woocommerce-request-a-quote-premium-master\includes\class.yith-ywraq-order-request.php:1921
Stack trace:
#0 E:\wamp64\www\mwood\wp-content\plugins\yith-woocommerce-request-a-quote-premium-master\includes\class.yith-ywraq-order-request.php(1964): YITH_YWRAQ_Order_Request->get_current_order_id()
#1 E:\wamp64\www\mwood\wp-includes\class-wp-hook.php(288): YITH_YWRAQ_Order_Request->check_quote_in_cart('')
#2 E:\wamp64\www\mwood\wp-includes\class-wp-hook.php(312): WP_Hook->apply_filters(NULL, Array)
#3 E:\wamp64\www\mwood\wp-includes\plugin.php(478): WP_Hook->do_action(Array)
#4 E:\wamp64\www\mwood\wp-settings.php(545): do_action('wp_loaded')
#5 E:\wamp64\www\mwood\wp-config.php(122): require_once('E:\\wamp64\\www\\m...')
#6 E:\wamp64\www\mwood\wp-load.php(37): require_once('E:\\wamp64\\www\\m...')
#7 E:\wamp64\www\mwood\wp-cron.php(44): require_once('E:\\wamp64\\www\\m...')
#8 {main}
  thrown dans E:\wamp64\www\mwood\wp-content\plugins\yith-woocommerce-request-a-quote-premium-master\includes\class.yith-ywraq-order-request.php à la ligne 1921

2020-02-16T13:15:31+00:00 CRITICAL Uncaught Error: Call to a member function get() on null in E:\wamp64\www\mwood\wp-content\plugins\yith-woocommerce-request-a-quote-premium-master\includes\class.yith-ywraq-order-request.php:1921
Stack trace:
#0 E:\wamp64\www\mwood\wp-content\plugins\yith-woocommerce-request-a-quote-premium-master\includes\class.yith-ywraq-order-request.php(1964): YITH_YWRAQ_Order_Request->get_current_order_id()
#1 E:\wamp64\www\mwood\wp-includes\class-wp-hook.php(288): YITH_YWRAQ_Order_Request->check_quote_in_cart('')
#2 E:\wamp64\www\mwood\wp-includes\class-wp-hook.php(312): WP_Hook->apply_filters(NULL, Array)
#3 E:\wamp64\www\mwood\wp-includes\plugin.php(478): WP_Hook->do_action(Array)
#4 E:\wamp64\www\mwood\wp-settings.php(545): do_action('wp_loaded')
#5 E:\wamp64\www\mwood\wp-config.php(122): require_once('E:\\wamp64\\www\\m...')
#6 E:\wamp64\www\mwood\wp-load.php(37): require_once('E:\\wamp64\\www\\m...')
#7 E:\wamp64\www\mwood\wp-cron.php(44): require_once('E:\\wamp64\\www\\m...')
#8 {main}
  thrown dans E:\wamp64\www\mwood\wp-content\plugins\yith-woocommerce-request-a-quote-premium-master\includes\class.yith-ywraq-order-request.php à la ligne 1921

2020-02-16T13:16:39+00:00 CRITICAL Uncaught Error: Call to a member function get() on null in E:\wamp64\www\mwood\wp-content\plugins\yith-woocommerce-request-a-quote-premium-master\includes\class.yith-ywraq-order-request.php:1921
Stack trace:
#0 E:\wamp64\www\mwood\wp-content\plugins\yith-woocommerce-request-a-quote-premium-master\includes\class.yith-ywraq-order-request.php(1964): YITH_YWRAQ_Order_Request->get_current_order_id()
#1 E:\wamp64\www\mwood\wp-includes\class-wp-hook.php(288): YITH_YWRAQ_Order_Request->check_quote_in_cart('')
#2 E:\wamp64\www\mwood\wp-includes\class-wp-hook.php(312): WP_Hook->apply_filters(NULL, Array)
#3 E:\wamp64\www\mwood\wp-includes\plugin.php(478): WP_Hook->do_action(Array)
#4 E:\wamp64\www\mwood\wp-settings.php(545): do_action('wp_loaded')
#5 E:\wamp64\www\mwood\wp-config.php(122): require_once('E:\\wamp64\\www\\m...')
#6 E:\wamp64\www\mwood\wp-load.php(37): require_once('E:\\wamp64\\www\\m...')
#7 E:\wamp64\www\mwood\wp-cron.php(44): require_once('E:\\wamp64\\www\\m...')
#8 {main}
  thrown dans E:\wamp64\www\mwood\wp-content\plugins\yith-woocommerce-request-a-quote-premium-master\includes\class.yith-ywraq-order-request.php à la ligne 1921

2020-02-16T13:17:44+00:00 CRITICAL Uncaught Error: Call to a member function get() on null in E:\wamp64\www\mwood\wp-content\plugins\yith-woocommerce-request-a-quote-premium-master\includes\class.yith-ywraq-order-request.php:1921
Stack trace:
#0 E:\wamp64\www\mwood\wp-content\plugins\yith-woocommerce-request-a-quote-premium-master\includes\class.yith-ywraq-order-request.php(1964): YITH_YWRAQ_Order_Request->get_current_order_id()
#1 E:\wamp64\www\mwood\wp-includes\class-wp-hook.php(288): YITH_YWRAQ_Order_Request->check_quote_in_cart('')
#2 E:\wamp64\www\mwood\wp-includes\class-wp-hook.php(312): WP_Hook->apply_filters(NULL, Array)
#3 E:\wamp64\www\mwood\wp-includes\plugin.php(478): WP_Hook->do_action(Array)
#4 E:\wamp64\www\mwood\wp-settings.php(545): do_action('wp_loaded')
#5 E:\wamp64\www\mwood\wp-config.php(122): require_once('E:\\wamp64\\www\\m...')
#6 E:\wamp64\www\mwood\wp-load.php(37): require_once('E:\\wamp64\\www\\m...')
#7 E:\wamp64\www\mwood\wp-cron.php(44): require_once('E:\\wamp64\\www\\m...')
#8 {main}
  thrown dans E:\wamp64\www\mwood\wp-content\plugins\yith-woocommerce-request-a-quote-premium-master\includes\class.yith-ywraq-order-request.php à la ligne 1921

2020-02-16T13:19:32+00:00 CRITICAL Uncaught Error: Call to a member function get() on null in E:\wamp64\www\mwood\wp-content\plugins\yith-woocommerce-request-a-quote-premium-master\includes\class.yith-ywraq-order-request.php:1921
Stack trace:
#0 E:\wamp64\www\mwood\wp-content\plugins\yith-woocommerce-request-a-quote-premium-master\includes\class.yith-ywraq-order-request.php(1964): YITH_YWRAQ_Order_Request->get_current_order_id()
#1 E:\wamp64\www\mwood\wp-includes\class-wp-hook.php(288): YITH_YWRAQ_Order_Request->check_quote_in_cart('')
#2 E:\wamp64\www\mwood\wp-includes\class-wp-hook.php(312): WP_Hook->apply_filters(NULL, Array)
#3 E:\wamp64\www\mwood\wp-includes\plugin.php(478): WP_Hook->do_action(Array)
#4 E:\wamp64\www\mwood\wp-settings.php(545): do_action('wp_loaded')
#5 E:\wamp64\www\mwood\wp-config.php(122): require_once('E:\\wamp64\\www\\m...')
#6 E:\wamp64\www\mwood\wp-load.php(37): require_once('E:\\wamp64\\www\\m...')
#7 E:\wamp64\www\mwood\wp-cron.php(44): require_once('E:\\wamp64\\www\\m...')
#8 {main}
  thrown dans E:\wamp64\www\mwood\wp-content\plugins\yith-woocommerce-request-a-quote-premium-master\includes\class.yith-ywraq-order-request.php à la ligne 1921

2020-02-16T13:21:32+00:00 CRITICAL Uncaught Error: Call to a member function get() on null in E:\wamp64\www\mwood\wp-content\plugins\yith-woocommerce-request-a-quote-premium-master\includes\class.yith-ywraq-order-request.php:1921
Stack trace:
#0 E:\wamp64\www\mwood\wp-content\plugins\yith-woocommerce-request-a-quote-premium-master\includes\class.yith-ywraq-order-request.php(1964): YITH_YWRAQ_Order_Request->get_current_order_id()
#1 E:\wamp64\www\mwood\wp-includes\class-wp-hook.php(288): YITH_YWRAQ_Order_Request->check_quote_in_cart('')
#2 E:\wamp64\www\mwood\wp-includes\class-wp-hook.php(312): WP_Hook->apply_filters(NULL, Array)
#3 E:\wamp64\www\mwood\wp-includes\plugin.php(478): WP_Hook->do_action(Array)
#4 E:\wamp64\www\mwood\wp-settings.php(545): do_action('wp_loaded')
#5 E:\wamp64\www\mwood\wp-config.php(122): require_once('E:\\wamp64\\www\\m...')
#6 E:\wamp64\www\mwood\wp-load.php(37): require_once('E:\\wamp64\\www\\m...')
#7 E:\wamp64\www\mwood\wp-cron.php(44): require_once('E:\\wamp64\\www\\m...')
#8 {main}
  thrown dans E:\wamp64\www\mwood\wp-content\plugins\yith-woocommerce-request-a-quote-premium-master\includes\class.yith-ywraq-order-request.php à la ligne 1921

2020-02-16T13:23:32+00:00 CRITICAL Uncaught Error: Call to a member function get() on null in E:\wamp64\www\mwood\wp-content\plugins\yith-woocommerce-request-a-quote-premium-master\includes\class.yith-ywraq-order-request.php:1921
Stack trace:
#0 E:\wamp64\www\mwood\wp-content\plugins\yith-woocommerce-request-a-quote-premium-master\includes\class.yith-ywraq-order-request.php(1964): YITH_YWRAQ_Order_Request->get_current_order_id()
#1 E:\wamp64\www\mwood\wp-includes\class-wp-hook.php(288): YITH_YWRAQ_Order_Request->check_quote_in_cart('')
#2 E:\wamp64\www\mwood\wp-includes\class-wp-hook.php(312): WP_Hook->apply_filters(NULL, Array)
#3 E:\wamp64\www\mwood\wp-includes\plugin.php(478): WP_Hook->do_action(Array)
#4 E:\wamp64\www\mwood\wp-settings.php(545): do_action('wp_loaded')
#5 E:\wamp64\www\mwood\wp-config.php(122): require_once('E:\\wamp64\\www\\m...')
#6 E:\wamp64\www\mwood\wp-load.php(37): require_once('E:\\wamp64\\www\\m...')
#7 E:\wamp64\www\mwood\wp-cron.php(44): require_once('E:\\wamp64\\www\\m...')
#8 {main}
  thrown dans E:\wamp64\www\mwood\wp-content\plugins\yith-woocommerce-request-a-quote-premium-master\includes\class.yith-ywraq-order-request.php à la ligne 1921

2020-02-16T13:25:32+00:00 CRITICAL Uncaught Error: Call to a member function get() on null in E:\wamp64\www\mwood\wp-content\plugins\yith-woocommerce-request-a-quote-premium-master\includes\class.yith-ywraq-order-request.php:1921
Stack trace:
#0 E:\wamp64\www\mwood\wp-content\plugins\yith-woocommerce-request-a-quote-premium-master\includes\class.yith-ywraq-order-request.php(1964): YITH_YWRAQ_Order_Request->get_current_order_id()
#1 E:\wamp64\www\mwood\wp-includes\class-wp-hook.php(288): YITH_YWRAQ_Order_Request->check_quote_in_cart('')
#2 E:\wamp64\www\mwood\wp-includes\class-wp-hook.php(312): WP_Hook->apply_filters(NULL, Array)
#3 E:\wamp64\www\mwood\wp-includes\plugin.php(478): WP_Hook->do_action(Array)
#4 E:\wamp64\www\mwood\wp-settings.php(545): do_action('wp_loaded')
#5 E:\wamp64\www\mwood\wp-config.php(122): require_once('E:\\wamp64\\www\\m...')
#6 E:\wamp64\www\mwood\wp-load.php(37): require_once('E:\\wamp64\\www\\m...')
#7 E:\wamp64\www\mwood\wp-cron.php(44): require_once('E:\\wamp64\\www\\m...')
#8 {main}
  thrown dans E:\wamp64\www\mwood\wp-content\plugins\yith-woocommerce-request-a-quote-premium-master\includes\class.yith-ywraq-order-request.php à la ligne 1921

2020-02-16T13:27:33+00:00 CRITICAL Uncaught Error: Call to a member function get() on null in E:\wamp64\www\mwood\wp-content\plugins\yith-woocommerce-request-a-quote-premium-master\includes\class.yith-ywraq-order-request.php:1921
Stack trace:
#0 E:\wamp64\www\mwood\wp-content\plugins\yith-woocommerce-request-a-quote-premium-master\includes\class.yith-ywraq-order-request.php(1964): YITH_YWRAQ_Order_Request->get_current_order_id()
#1 E:\wamp64\www\mwood\wp-includes\class-wp-hook.php(288): YITH_YWRAQ_Order_Request->check_quote_in_cart('')
#2 E:\wamp64\www\mwood\wp-includes\class-wp-hook.php(312): WP_Hook->apply_filters(NULL, Array)
#3 E:\wamp64\www\mwood\wp-includes\plugin.php(478): WP_Hook->do_action(Array)
#4 E:\wamp64\www\mwood\wp-settings.php(545): do_action('wp_loaded')
#5 E:\wamp64\www\mwood\wp-config.php(122): require_once('E:\\wamp64\\www\\m...')
#6 E:\wamp64\www\mwood\wp-load.php(37): require_once('E:\\wamp64\\www\\m...')
#7 E:\wamp64\www\mwood\wp-cron.php(44): require_once('E:\\wamp64\\www\\m...')
#8 {main}
  thrown dans E:\wamp64\www\mwood\wp-content\plugins\yith-woocommerce-request-a-quote-premium-master\includes\class.yith-ywraq-order-request.php à la ligne 1921

2020-02-16T14:47:54+00:00 CRITICAL Uncaught Error: Call to a member function get() on null in E:\wamp64\www\mwood\wp-content\plugins\yith-woocommerce-request-a-quote-premium-master\includes\class.yith-ywraq-order-request.php:1921
Stack trace:
#0 E:\wamp64\www\mwood\wp-content\plugins\yith-woocommerce-request-a-quote-premium-master\includes\class.yith-ywraq-order-request.php(1964): YITH_YWRAQ_Order_Request->get_current_order_id()
#1 E:\wamp64\www\mwood\wp-includes\class-wp-hook.php(288): YITH_YWRAQ_Order_Request->check_quote_in_cart('')
#2 E:\wamp64\www\mwood\wp-includes\class-wp-hook.php(312): WP_Hook->apply_filters(NULL, Array)
#3 E:\wamp64\www\mwood\wp-includes\plugin.php(478): WP_Hook->do_action(Array)
#4 E:\wamp64\www\mwood\wp-settings.php(545): do_action('wp_loaded')
#5 E:\wamp64\www\mwood\wp-config.php(122): require_once('E:\\wamp64\\www\\m...')
#6 E:\wamp64\www\mwood\wp-load.php(37): require_once('E:\\wamp64\\www\\m...')
#7 E:\wamp64\www\mwood\wp-cron.php(44): require_once('E:\\wamp64\\www\\m...')
#8 {main}
  thrown dans E:\wamp64\www\mwood\wp-content\plugins\yith-woocommerce-request-a-quote-premium-master\includes\class.yith-ywraq-order-request.php à la ligne 1921

2020-02-16T14:50:54+00:00 CRITICAL Uncaught Error: Call to a member function get() on null in E:\wamp64\www\mwood\wp-content\plugins\yith-woocommerce-request-a-quote-premium-master\includes\class.yith-ywraq-order-request.php:1921
Stack trace:
#0 E:\wamp64\www\mwood\wp-content\plugins\yith-woocommerce-request-a-quote-premium-master\includes\class.yith-ywraq-order-request.php(1964): YITH_YWRAQ_Order_Request->get_current_order_id()
#1 E:\wamp64\www\mwood\wp-includes\class-wp-hook.php(288): YITH_YWRAQ_Order_Request->check_quote_in_cart('')
#2 E:\wamp64\www\mwood\wp-includes\class-wp-hook.php(312): WP_Hook->apply_filters(NULL, Array)
#3 E:\wamp64\www\mwood\wp-includes\plugin.php(478): WP_Hook->do_action(Array)
#4 E:\wamp64\www\mwood\wp-settings.php(545): do_action('wp_loaded')
#5 E:\wamp64\www\mwood\wp-config.php(122): require_once('E:\\wamp64\\www\\m...')
#6 E:\wamp64\www\mwood\wp-load.php(37): require_once('E:\\wamp64\\www\\m...')
#7 E:\wamp64\www\mwood\wp-cron.php(44): require_once('E:\\wamp64\\www\\m...')
#8 {main}
  thrown dans E:\wamp64\www\mwood\wp-content\plugins\yith-woocommerce-request-a-quote-premium-master\includes\class.yith-ywraq-order-request.php à la ligne 1921

2020-02-16T14:52:02+00:00 CRITICAL Uncaught Error: Call to a member function get() on null in E:\wamp64\www\mwood\wp-content\plugins\yith-woocommerce-request-a-quote-premium-master\includes\class.yith-ywraq-order-request.php:1921
Stack trace:
#0 E:\wamp64\www\mwood\wp-content\plugins\yith-woocommerce-request-a-quote-premium-master\includes\class.yith-ywraq-order-request.php(1964): YITH_YWRAQ_Order_Request->get_current_order_id()
#1 E:\wamp64\www\mwood\wp-includes\class-wp-hook.php(288): YITH_YWRAQ_Order_Request->check_quote_in_cart('')
#2 E:\wamp64\www\mwood\wp-includes\class-wp-hook.php(312): WP_Hook->apply_filters(NULL, Array)
#3 E:\wamp64\www\mwood\wp-includes\plugin.php(478): WP_Hook->do_action(Array)
#4 E:\wamp64\www\mwood\wp-settings.php(545): do_action('wp_loaded')
#5 E:\wamp64\www\mwood\wp-config.php(122): require_once('E:\\wamp64\\www\\m...')
#6 E:\wamp64\www\mwood\wp-load.php(37): require_once('E:\\wamp64\\www\\m...')
#7 E:\wamp64\www\mwood\wp-cron.php(44): require_once('E:\\wamp64\\www\\m...')
#8 {main}
  thrown dans E:\wamp64\www\mwood\wp-content\plugins\yith-woocommerce-request-a-quote-premium-master\includes\class.yith-ywraq-order-request.php à la ligne 1921

2020-02-16T14:53:03+00:00 CRITICAL Uncaught Error: Call to a member function get() on null in E:\wamp64\www\mwood\wp-content\plugins\yith-woocommerce-request-a-quote-premium-master\includes\class.yith-ywraq-order-request.php:1921
Stack trace:
#0 E:\wamp64\www\mwood\wp-content\plugins\yith-woocommerce-request-a-quote-premium-master\includes\class.yith-ywraq-order-request.php(1964): YITH_YWRAQ_Order_Request->get_current_order_id()
#1 E:\wamp64\www\mwood\wp-includes\class-wp-hook.php(288): YITH_YWRAQ_Order_Request->check_quote_in_cart('')
#2 E:\wamp64\www\mwood\wp-includes\class-wp-hook.php(312): WP_Hook->apply_filters(NULL, Array)
#3 E:\wamp64\www\mwood\wp-includes\plugin.php(478): WP_Hook->do_action(Array)
#4 E:\wamp64\www\mwood\wp-settings.php(545): do_action('wp_loaded')
#5 E:\wamp64\www\mwood\wp-config.php(122): require_once('E:\\wamp64\\www\\m...')
#6 E:\wamp64\www\mwood\wp-load.php(37): require_once('E:\\wamp64\\www\\m...')
#7 E:\wamp64\www\mwood\wp-cron.php(44): require_once('E:\\wamp64\\www\\m...')
#8 {main}
  thrown dans E:\wamp64\www\mwood\wp-content\plugins\yith-woocommerce-request-a-quote-premium-master\includes\class.yith-ywraq-order-request.php à la ligne 1921

2020-02-16T14:55:03+00:00 CRITICAL Uncaught Error: Call to a member function get() on null in E:\wamp64\www\mwood\wp-content\plugins\yith-woocommerce-request-a-quote-premium-master\includes\class.yith-ywraq-order-request.php:1921
Stack trace:
#0 E:\wamp64\www\mwood\wp-content\plugins\yith-woocommerce-request-a-quote-premium-master\includes\class.yith-ywraq-order-request.php(1964): YITH_YWRAQ_Order_Request->get_current_order_id()
#1 E:\wamp64\www\mwood\wp-includes\class-wp-hook.php(288): YITH_YWRAQ_Order_Request->check_quote_in_cart('')
#2 E:\wamp64\www\mwood\wp-includes\class-wp-hook.php(312): WP_Hook->apply_filters(NULL, Array)
#3 E:\wamp64\www\mwood\wp-includes\plugin.php(478): WP_Hook->do_action(Array)
#4 E:\wamp64\www\mwood\wp-settings.php(545): do_action('wp_loaded')
#5 E:\wamp64\www\mwood\wp-config.php(122): require_once('E:\\wamp64\\www\\m...')
#6 E:\wamp64\www\mwood\wp-load.php(37): require_once('E:\\wamp64\\www\\m...')
#7 E:\wamp64\www\mwood\wp-cron.php(44): require_once('E:\\wamp64\\www\\m...')
#8 {main}
  thrown dans E:\wamp64\www\mwood\wp-content\plugins\yith-woocommerce-request-a-quote-premium-master\includes\class.yith-ywraq-order-request.php à la ligne 1921

2020-02-16T14:57:03+00:00 CRITICAL Uncaught Error: Call to a member function get() on null in E:\wamp64\www\mwood\wp-content\plugins\yith-woocommerce-request-a-quote-premium-master\includes\class.yith-ywraq-order-request.php:1921
Stack trace:
#0 E:\wamp64\www\mwood\wp-content\plugins\yith-woocommerce-request-a-quote-premium-master\includes\class.yith-ywraq-order-request.php(1964): YITH_YWRAQ_Order_Request->get_current_order_id()
#1 E:\wamp64\www\mwood\wp-includes\class-wp-hook.php(288): YITH_YWRAQ_Order_Request->check_quote_in_cart('')
#2 E:\wamp64\www\mwood\wp-includes\class-wp-hook.php(312): WP_Hook->apply_filters(NULL, Array)
#3 E:\wamp64\www\mwood\wp-includes\plugin.php(478): WP_Hook->do_action(Array)
#4 E:\wamp64\www\mwood\wp-settings.php(545): do_action('wp_loaded')
#5 E:\wamp64\www\mwood\wp-config.php(122): require_once('E:\\wamp64\\www\\m...')
#6 E:\wamp64\www\mwood\wp-load.php(37): require_once('E:\\wamp64\\www\\m...')
#7 E:\wamp64\www\mwood\wp-cron.php(44): require_once('E:\\wamp64\\www\\m...')
#8 {main}
  thrown dans E:\wamp64\www\mwood\wp-content\plugins\yith-woocommerce-request-a-quote-premium-master\includes\class.yith-ywraq-order-request.php à la ligne 1921

2020-02-16T14:59:04+00:00 CRITICAL Uncaught Error: Call to a member function get() on null in E:\wamp64\www\mwood\wp-content\plugins\yith-woocommerce-request-a-quote-premium-master\includes\class.yith-ywraq-order-request.php:1921
Stack trace:
#0 E:\wamp64\www\mwood\wp-content\plugins\yith-woocommerce-request-a-quote-premium-master\includes\class.yith-ywraq-order-request.php(1964): YITH_YWRAQ_Order_Request->get_current_order_id()
#1 E:\wamp64\www\mwood\wp-includes\class-wp-hook.php(288): YITH_YWRAQ_Order_Request->check_quote_in_cart('')
#2 E:\wamp64\www\mwood\wp-includes\class-wp-hook.php(312): WP_Hook->apply_filters(NULL, Array)
#3 E:\wamp64\www\mwood\wp-includes\plugin.php(478): WP_Hook->do_action(Array)
#4 E:\wamp64\www\mwood\wp-settings.php(545): do_action('wp_loaded')
#5 E:\wamp64\www\mwood\wp-config.php(122): require_once('E:\\wamp64\\www\\m...')
#6 E:\wamp64\www\mwood\wp-load.php(37): require_once('E:\\wamp64\\www\\m...')
#7 E:\wamp64\www\mwood\wp-cron.php(44): require_once('E:\\wamp64\\www\\m...')
#8 {main}
  thrown dans E:\wamp64\www\mwood\wp-content\plugins\yith-woocommerce-request-a-quote-premium-master\includes\class.yith-ywraq-order-request.php à la ligne 1921

2020-02-16T15:01:05+00:00 CRITICAL Uncaught Error: Call to a member function get() on null in E:\wamp64\www\mwood\wp-content\plugins\yith-woocommerce-request-a-quote-premium-master\includes\class.yith-ywraq-order-request.php:1921
Stack trace:
#0 E:\wamp64\www\mwood\wp-content\plugins\yith-woocommerce-request-a-quote-premium-master\includes\class.yith-ywraq-order-request.php(1964): YITH_YWRAQ_Order_Request->get_current_order_id()
#1 E:\wamp64\www\mwood\wp-includes\class-wp-hook.php(288): YITH_YWRAQ_Order_Request->check_quote_in_cart('')
#2 E:\wamp64\www\mwood\wp-includes\class-wp-hook.php(312): WP_Hook->apply_filters(NULL, Array)
#3 E:\wamp64\www\mwood\wp-includes\plugin.php(478): WP_Hook->do_action(Array)
#4 E:\wamp64\www\mwood\wp-settings.php(545): do_action('wp_loaded')
#5 E:\wamp64\www\mwood\wp-config.php(122): require_once('E:\\wamp64\\www\\m...')
#6 E:\wamp64\www\mwood\wp-load.php(37): require_once('E:\\wamp64\\www\\m...')
#7 E:\wamp64\www\mwood\wp-cron.php(44): require_once('E:\\wamp64\\www\\m...')
#8 {main}
  thrown dans E:\wamp64\www\mwood\wp-content\plugins\yith-woocommerce-request-a-quote-premium-master\includes\class.yith-ywraq-order-request.php à la ligne 1921

2020-02-16T15:03:04+00:00 CRITICAL Uncaught Error: Call to a member function get() on null in E:\wamp64\www\mwood\wp-content\plugins\yith-woocommerce-request-a-quote-premium-master\includes\class.yith-ywraq-order-request.php:1921
Stack trace:
#0 E:\wamp64\www\mwood\wp-content\plugins\yith-woocommerce-request-a-quote-premium-master\includes\class.yith-ywraq-order-request.php(1964): YITH_YWRAQ_Order_Request->get_current_order_id()
#1 E:\wamp64\www\mwood\wp-includes\class-wp-hook.php(288): YITH_YWRAQ_Order_Request->check_quote_in_cart('')
#2 E:\wamp64\www\mwood\wp-includes\class-wp-hook.php(312): WP_Hook->apply_filters(NULL, Array)
#3 E:\wamp64\www\mwood\wp-includes\plugin.php(478): WP_Hook->do_action(Array)
#4 E:\wamp64\www\mwood\wp-settings.php(545): do_action('wp_loaded')
#5 E:\wamp64\www\mwood\wp-config.php(122): require_once('E:\\wamp64\\www\\m...')
#6 E:\wamp64\www\mwood\wp-load.php(37): require_once('E:\\wamp64\\www\\m...')
#7 E:\wamp64\www\mwood\wp-cron.php(44): require_once('E:\\wamp64\\www\\m...')
#8 {main}
  thrown dans E:\wamp64\www\mwood\wp-content\plugins\yith-woocommerce-request-a-quote-premium-master\includes\class.yith-ywraq-order-request.php à la ligne 1921

2020-02-16T15:05:03+00:00 CRITICAL Uncaught Error: Call to a member function get() on null in E:\wamp64\www\mwood\wp-content\plugins\yith-woocommerce-request-a-quote-premium-master\includes\class.yith-ywraq-order-request.php:1921
Stack trace:
#0 E:\wamp64\www\mwood\wp-content\plugins\yith-woocommerce-request-a-quote-premium-master\includes\class.yith-ywraq-order-request.php(1964): YITH_YWRAQ_Order_Request->get_current_order_id()
#1 E:\wamp64\www\mwood\wp-includes\class-wp-hook.php(288): YITH_YWRAQ_Order_Request->check_quote_in_cart('')
#2 E:\wamp64\www\mwood\wp-includes\class-wp-hook.php(312): WP_Hook->apply_filters(NULL, Array)
#3 E:\wamp64\www\mwood\wp-includes\plugin.php(478): WP_Hook->do_action(Array)
#4 E:\wamp64\www\mwood\wp-settings.php(545): do_action('wp_loaded')
#5 E:\wamp64\www\mwood\wp-config.php(122): require_once('E:\\wamp64\\www\\m...')
#6 E:\wamp64\www\mwood\wp-load.php(37): require_once('E:\\wamp64\\www\\m...')
#7 E:\wamp64\www\mwood\wp-cron.php(44): require_once('E:\\wamp64\\www\\m...')
#8 {main}
  thrown dans E:\wamp64\www\mwood\wp-content\plugins\yith-woocommerce-request-a-quote-premium-master\includes\class.yith-ywraq-order-request.php à la ligne 1921

2020-02-16T15:06:38+00:00 CRITICAL Uncaught Error: Call to a member function get() on null in E:\wamp64\www\mwood\wp-content\plugins\yith-woocommerce-request-a-quote-premium-master\includes\class.yith-ywraq-order-request.php:1921
Stack trace:
#0 E:\wamp64\www\mwood\wp-content\plugins\yith-woocommerce-request-a-quote-premium-master\includes\class.yith-ywraq-order-request.php(1964): YITH_YWRAQ_Order_Request->get_current_order_id()
#1 E:\wamp64\www\mwood\wp-includes\class-wp-hook.php(288): YITH_YWRAQ_Order_Request->check_quote_in_cart('')
#2 E:\wamp64\www\mwood\wp-includes\class-wp-hook.php(312): WP_Hook->apply_filters(NULL, Array)
#3 E:\wamp64\www\mwood\wp-includes\plugin.php(478): WP_Hook->do_action(Array)
#4 E:\wamp64\www\mwood\wp-settings.php(545): do_action('wp_loaded')
#5 E:\wamp64\www\mwood\wp-config.php(122): require_once('E:\\wamp64\\www\\m...')
#6 E:\wamp64\www\mwood\wp-load.php(37): require_once('E:\\wamp64\\www\\m...')
#7 E:\wamp64\www\mwood\wp-cron.php(44): require_once('E:\\wamp64\\www\\m...')
#8 {main}
  thrown dans E:\wamp64\www\mwood\wp-content\plugins\yith-woocommerce-request-a-quote-premium-master\includes\class.yith-ywraq-order-request.php à la ligne 1921

2020-02-16T15:09:02+00:00 CRITICAL Uncaught Error: Call to a member function get() on null in E:\wamp64\www\mwood\wp-content\plugins\yith-woocommerce-request-a-quote-premium-master\includes\class.yith-ywraq-order-request.php:1921
Stack trace:
#0 E:\wamp64\www\mwood\wp-content\plugins\yith-woocommerce-request-a-quote-premium-master\includes\class.yith-ywraq-order-request.php(1964): YITH_YWRAQ_Order_Request->get_current_order_id()
#1 E:\wamp64\www\mwood\wp-includes\class-wp-hook.php(288): YITH_YWRAQ_Order_Request->check_quote_in_cart('')
#2 E:\wamp64\www\mwood\wp-includes\class-wp-hook.php(312): WP_Hook->apply_filters(NULL, Array)
#3 E:\wamp64\www\mwood\wp-includes\plugin.php(478): WP_Hook->do_action(Array)
#4 E:\wamp64\www\mwood\wp-settings.php(545): do_action('wp_loaded')
#5 E:\wamp64\www\mwood\wp-config.php(122): require_once('E:\\wamp64\\www\\m...')
#6 E:\wamp64\www\mwood\wp-load.php(37): require_once('E:\\wamp64\\www\\m...')
#7 E:\wamp64\www\mwood\wp-cron.php(44): require_once('E:\\wamp64\\www\\m...')
#8 {main}
  thrown dans E:\wamp64\www\mwood\wp-content\plugins\yith-woocommerce-request-a-quote-premium-master\includes\class.yith-ywraq-order-request.php à la ligne 1921

2020-02-16T15:10:29+00:00 CRITICAL Uncaught Error: Call to a member function get() on null in E:\wamp64\www\mwood\wp-content\plugins\yith-woocommerce-request-a-quote-premium-master\includes\class.yith-ywraq-order-request.php:1921
Stack trace:
#0 E:\wamp64\www\mwood\wp-content\plugins\yith-woocommerce-request-a-quote-premium-master\includes\class.yith-ywraq-order-request.php(1964): YITH_YWRAQ_Order_Request->get_current_order_id()
#1 E:\wamp64\www\mwood\wp-includes\class-wp-hook.php(288): YITH_YWRAQ_Order_Request->check_quote_in_cart('')
#2 E:\wamp64\www\mwood\wp-includes\class-wp-hook.php(312): WP_Hook->apply_filters(NULL, Array)
#3 E:\wamp64\www\mwood\wp-includes\plugin.php(478): WP_Hook->do_action(Array)
#4 E:\wamp64\www\mwood\wp-settings.php(545): do_action('wp_loaded')
#5 E:\wamp64\www\mwood\wp-config.php(122): require_once('E:\\wamp64\\www\\m...')
#6 E:\wamp64\www\mwood\wp-load.php(37): require_once('E:\\wamp64\\www\\m...')
#7 E:\wamp64\www\mwood\wp-cron.php(44): require_once('E:\\wamp64\\www\\m...')
#8 {main}
  thrown dans E:\wamp64\www\mwood\wp-content\plugins\yith-woocommerce-request-a-quote-premium-master\includes\class.yith-ywraq-order-request.php à la ligne 1921

2020-02-16T15:11:49+00:00 CRITICAL Uncaught Error: Call to a member function get() on null in E:\wamp64\www\mwood\wp-content\plugins\yith-woocommerce-request-a-quote-premium-master\includes\class.yith-ywraq-order-request.php:1921
Stack trace:
#0 E:\wamp64\www\mwood\wp-content\plugins\yith-woocommerce-request-a-quote-premium-master\includes\class.yith-ywraq-order-request.php(1964): YITH_YWRAQ_Order_Request->get_current_order_id()
#1 E:\wamp64\www\mwood\wp-includes\class-wp-hook.php(288): YITH_YWRAQ_Order_Request->check_quote_in_cart('')
#2 E:\wamp64\www\mwood\wp-includes\class-wp-hook.php(312): WP_Hook->apply_filters(NULL, Array)
#3 E:\wamp64\www\mwood\wp-includes\plugin.php(478): WP_Hook->do_action(Array)
#4 E:\wamp64\www\mwood\wp-settings.php(545): do_action('wp_loaded')
#5 E:\wamp64\www\mwood\wp-config.php(122): require_once('E:\\wamp64\\www\\m...')
#6 E:\wamp64\www\mwood\wp-load.php(37): require_once('E:\\wamp64\\www\\m...')
#7 E:\wamp64\www\mwood\wp-cron.php(44): require_once('E:\\wamp64\\www\\m...')
#8 {main}
  thrown dans E:\wamp64\www\mwood\wp-content\plugins\yith-woocommerce-request-a-quote-premium-master\includes\class.yith-ywraq-order-request.php à la ligne 1921

2020-02-16T15:12:49+00:00 CRITICAL Uncaught Error: Call to a member function get() on null in E:\wamp64\www\mwood\wp-content\plugins\yith-woocommerce-request-a-quote-premium-master\includes\class.yith-ywraq-order-request.php:1921
Stack trace:
#0 E:\wamp64\www\mwood\wp-content\plugins\yith-woocommerce-request-a-quote-premium-master\includes\class.yith-ywraq-order-request.php(1964): YITH_YWRAQ_Order_Request->get_current_order_id()
#1 E:\wamp64\www\mwood\wp-includes\class-wp-hook.php(288): YITH_YWRAQ_Order_Request->check_quote_in_cart('')
#2 E:\wamp64\www\mwood\wp-includes\class-wp-hook.php(312): WP_Hook->apply_filters(NULL, Array)
#3 E:\wamp64\www\mwood\wp-includes\plugin.php(478): WP_Hook->do_action(Array)
#4 E:\wamp64\www\mwood\wp-settings.php(545): do_action('wp_loaded')
#5 E:\wamp64\www\mwood\wp-config.php(122): require_once('E:\\wamp64\\www\\m...')
#6 E:\wamp64\www\mwood\wp-load.php(37): require_once('E:\\wamp64\\www\\m...')
#7 E:\wamp64\www\mwood\wp-cron.php(44): require_once('E:\\wamp64\\www\\m...')
#8 {main}
  thrown dans E:\wamp64\www\mwood\wp-content\plugins\yith-woocommerce-request-a-quote-premium-master\includes\class.yith-ywraq-order-request.php à la ligne 1921

2020-02-16T15:14:49+00:00 CRITICAL Uncaught Error: Call to a member function get() on null in E:\wamp64\www\mwood\wp-content\plugins\yith-woocommerce-request-a-quote-premium-master\includes\class.yith-ywraq-order-request.php:1921
Stack trace:
#0 E:\wamp64\www\mwood\wp-content\plugins\yith-woocommerce-request-a-quote-premium-master\includes\class.yith-ywraq-order-request.php(1964): YITH_YWRAQ_Order_Request->get_current_order_id()
#1 E:\wamp64\www\mwood\wp-includes\class-wp-hook.php(288): YITH_YWRAQ_Order_Request->check_quote_in_cart('')
#2 E:\wamp64\www\mwood\wp-includes\class-wp-hook.php(312): WP_Hook->apply_filters(NULL, Array)
#3 E:\wamp64\www\mwood\wp-includes\plugin.php(478): WP_Hook->do_action(Array)
#4 E:\wamp64\www\mwood\wp-settings.php(545): do_action('wp_loaded')
#5 E:\wamp64\www\mwood\wp-config.php(122): require_once('E:\\wamp64\\www\\m...')
#6 E:\wamp64\www\mwood\wp-load.php(37): require_once('E:\\wamp64\\www\\m...')
#7 E:\wamp64\www\mwood\wp-cron.php(44): require_once('E:\\wamp64\\www\\m...')
#8 {main}
  thrown dans E:\wamp64\www\mwood\wp-content\plugins\yith-woocommerce-request-a-quote-premium-master\includes\class.yith-ywraq-order-request.php à la ligne 1921

2020-02-16T15:16:04+00:00 CRITICAL Uncaught Error: Call to a member function get() on null in E:\wamp64\www\mwood\wp-content\plugins\yith-woocommerce-request-a-quote-premium-master\includes\class.yith-ywraq-order-request.php:1921
Stack trace:
#0 E:\wamp64\www\mwood\wp-content\plugins\yith-woocommerce-request-a-quote-premium-master\includes\class.yith-ywraq-order-request.php(1964): YITH_YWRAQ_Order_Request->get_current_order_id()
#1 E:\wamp64\www\mwood\wp-includes\class-wp-hook.php(288): YITH_YWRAQ_Order_Request->check_quote_in_cart('')
#2 E:\wamp64\www\mwood\wp-includes\class-wp-hook.php(312): WP_Hook->apply_filters(NULL, Array)
#3 E:\wamp64\www\mwood\wp-includes\plugin.php(478): WP_Hook->do_action(Array)
#4 E:\wamp64\www\mwood\wp-settings.php(545): do_action('wp_loaded')
#5 E:\wamp64\www\mwood\wp-config.php(122): require_once('E:\\wamp64\\www\\m...')
#6 E:\wamp64\www\mwood\wp-load.php(37): require_once('E:\\wamp64\\www\\m...')
#7 E:\wamp64\www\mwood\wp-cron.php(44): require_once('E:\\wamp64\\www\\m...')
#8 {main}
  thrown dans E:\wamp64\www\mwood\wp-content\plugins\yith-woocommerce-request-a-quote-premium-master\includes\class.yith-ywraq-order-request.php à la ligne 1921

2020-02-16T15:17:07+00:00 CRITICAL Uncaught Error: Call to a member function get() on null in E:\wamp64\www\mwood\wp-content\plugins\yith-woocommerce-request-a-quote-premium-master\includes\class.yith-ywraq-order-request.php:1921
Stack trace:
#0 E:\wamp64\www\mwood\wp-content\plugins\yith-woocommerce-request-a-quote-premium-master\includes\class.yith-ywraq-order-request.php(1964): YITH_YWRAQ_Order_Request->get_current_order_id()
#1 E:\wamp64\www\mwood\wp-includes\class-wp-hook.php(288): YITH_YWRAQ_Order_Request->check_quote_in_cart('')
#2 E:\wamp64\www\mwood\wp-includes\class-wp-hook.php(312): WP_Hook->apply_filters(NULL, Array)
#3 E:\wamp64\www\mwood\wp-includes\plugin.php(478): WP_Hook->do_action(Array)
#4 E:\wamp64\www\mwood\wp-settings.php(545): do_action('wp_loaded')
#5 E:\wamp64\www\mwood\wp-config.php(122): require_once('E:\\wamp64\\www\\m...')
#6 E:\wamp64\www\mwood\wp-load.php(37): require_once('E:\\wamp64\\www\\m...')
#7 E:\wamp64\www\mwood\wp-cron.php(44): require_once('E:\\wamp64\\www\\m...')
#8 {main}
  thrown dans E:\wamp64\www\mwood\wp-content\plugins\yith-woocommerce-request-a-quote-premium-master\includes\class.yith-ywraq-order-request.php à la ligne 1921

2020-02-16T15:18:57+00:00 CRITICAL Uncaught Error: Call to a member function get() on null in E:\wamp64\www\mwood\wp-content\plugins\yith-woocommerce-request-a-quote-premium-master\includes\class.yith-ywraq-order-request.php:1921
Stack trace:
#0 E:\wamp64\www\mwood\wp-content\plugins\yith-woocommerce-request-a-quote-premium-master\includes\class.yith-ywraq-order-request.php(1964): YITH_YWRAQ_Order_Request->get_current_order_id()
#1 E:\wamp64\www\mwood\wp-includes\class-wp-hook.php(288): YITH_YWRAQ_Order_Request->check_quote_in_cart('')
#2 E:\wamp64\www\mwood\wp-includes\class-wp-hook.php(312): WP_Hook->apply_filters(NULL, Array)
#3 E:\wamp64\www\mwood\wp-includes\plugin.php(478): WP_Hook->do_action(Array)
#4 E:\wamp64\www\mwood\wp-settings.php(545): do_action('wp_loaded')
#5 E:\wamp64\www\mwood\wp-config.php(122): require_once('E:\\wamp64\\www\\m...')
#6 E:\wamp64\www\mwood\wp-load.php(37): require_once('E:\\wamp64\\www\\m...')
#7 E:\wamp64\www\mwood\wp-cron.php(44): require_once('E:\\wamp64\\www\\m...')
#8 {main}
  thrown dans E:\wamp64\www\mwood\wp-content\plugins\yith-woocommerce-request-a-quote-premium-master\includes\class.yith-ywraq-order-request.php à la ligne 1921

2020-02-16T15:20:04+00:00 CRITICAL Uncaught Error: Call to a member function get() on null in E:\wamp64\www\mwood\wp-content\plugins\yith-woocommerce-request-a-quote-premium-master\includes\class.yith-ywraq-order-request.php:1921
Stack trace:
#0 E:\wamp64\www\mwood\wp-content\plugins\yith-woocommerce-request-a-quote-premium-master\includes\class.yith-ywraq-order-request.php(1964): YITH_YWRAQ_Order_Request->get_current_order_id()
#1 E:\wamp64\www\mwood\wp-includes\class-wp-hook.php(288): YITH_YWRAQ_Order_Request->check_quote_in_cart('')
#2 E:\wamp64\www\mwood\wp-includes\class-wp-hook.php(312): WP_Hook->apply_filters(NULL, Array)
#3 E:\wamp64\www\mwood\wp-includes\plugin.php(478): WP_Hook->do_action(Array)
#4 E:\wamp64\www\mwood\wp-settings.php(545): do_action('wp_loaded')
#5 E:\wamp64\www\mwood\wp-config.php(122): require_once('E:\\wamp64\\www\\m...')
#6 E:\wamp64\www\mwood\wp-load.php(37): require_once('E:\\wamp64\\www\\m...')
#7 E:\wamp64\www\mwood\wp-cron.php(44): require_once('E:\\wamp64\\www\\m...')
#8 {main}
  thrown dans E:\wamp64\www\mwood\wp-content\plugins\yith-woocommerce-request-a-quote-premium-master\includes\class.yith-ywraq-order-request.php à la ligne 1921

2020-02-16T15:21:25+00:00 CRITICAL Uncaught Error: Call to a member function get() on null in E:\wamp64\www\mwood\wp-content\plugins\yith-woocommerce-request-a-quote-premium-master\includes\class.yith-ywraq-order-request.php:1921
Stack trace:
#0 E:\wamp64\www\mwood\wp-content\plugins\yith-woocommerce-request-a-quote-premium-master\includes\class.yith-ywraq-order-request.php(1964): YITH_YWRAQ_Order_Request->get_current_order_id()
#1 E:\wamp64\www\mwood\wp-includes\class-wp-hook.php(288): YITH_YWRAQ_Order_Request->check_quote_in_cart('')
#2 E:\wamp64\www\mwood\wp-includes\class-wp-hook.php(312): WP_Hook->apply_filters(NULL, Array)
#3 E:\wamp64\www\mwood\wp-includes\plugin.php(478): WP_Hook->do_action(Array)
#4 E:\wamp64\www\mwood\wp-settings.php(545): do_action('wp_loaded')
#5 E:\wamp64\www\mwood\wp-config.php(122): require_once('E:\\wamp64\\www\\m...')
#6 E:\wamp64\www\mwood\wp-load.php(37): require_once('E:\\wamp64\\www\\m...')
#7 E:\wamp64\www\mwood\wp-cron.php(44): require_once('E:\\wamp64\\www\\m...')
#8 {main}
  thrown dans E:\wamp64\www\mwood\wp-content\plugins\yith-woocommerce-request-a-quote-premium-master\includes\class.yith-ywraq-order-request.php à la ligne 1921

2020-02-16T15:22:30+00:00 CRITICAL Uncaught Error: Call to a member function get() on null in E:\wamp64\www\mwood\wp-content\plugins\yith-woocommerce-request-a-quote-premium-master\includes\class.yith-ywraq-order-request.php:1921
Stack trace:
#0 E:\wamp64\www\mwood\wp-content\plugins\yith-woocommerce-request-a-quote-premium-master\includes\class.yith-ywraq-order-request.php(1964): YITH_YWRAQ_Order_Request->get_current_order_id()
#1 E:\wamp64\www\mwood\wp-includes\class-wp-hook.php(288): YITH_YWRAQ_Order_Request->check_quote_in_cart('')
#2 E:\wamp64\www\mwood\wp-includes\class-wp-hook.php(312): WP_Hook->apply_filters(NULL, Array)
#3 E:\wamp64\www\mwood\wp-includes\plugin.php(478): WP_Hook->do_action(Array)
#4 E:\wamp64\www\mwood\wp-settings.php(545): do_action('wp_loaded')
#5 E:\wamp64\www\mwood\wp-config.php(122): require_once('E:\\wamp64\\www\\m...')
#6 E:\wamp64\www\mwood\wp-load.php(37): require_once('E:\\wamp64\\www\\m...')
#7 E:\wamp64\www\mwood\wp-cron.php(44): require_once('E:\\wamp64\\www\\m...')
#8 {main}
  thrown dans E:\wamp64\www\mwood\wp-content\plugins\yith-woocommerce-request-a-quote-premium-master\includes\class.yith-ywraq-order-request.php à la ligne 1921

2020-02-16T15:24:30+00:00 CRITICAL Uncaught Error: Call to a member function get() on null in E:\wamp64\www\mwood\wp-content\plugins\yith-woocommerce-request-a-quote-premium-master\includes\class.yith-ywraq-order-request.php:1921
Stack trace:
#0 E:\wamp64\www\mwood\wp-content\plugins\yith-woocommerce-request-a-quote-premium-master\includes\class.yith-ywraq-order-request.php(1964): YITH_YWRAQ_Order_Request->get_current_order_id()
#1 E:\wamp64\www\mwood\wp-includes\class-wp-hook.php(288): YITH_YWRAQ_Order_Request->check_quote_in_cart('')
#2 E:\wamp64\www\mwood\wp-includes\class-wp-hook.php(312): WP_Hook->apply_filters(NULL, Array)
#3 E:\wamp64\www\mwood\wp-includes\plugin.php(478): WP_Hook->do_action(Array)
#4 E:\wamp64\www\mwood\wp-settings.php(545): do_action('wp_loaded')
#5 E:\wamp64\www\mwood\wp-config.php(122): require_once('E:\\wamp64\\www\\m...')
#6 E:\wamp64\www\mwood\wp-load.php(37): require_once('E:\\wamp64\\www\\m...')
#7 E:\wamp64\www\mwood\wp-cron.php(44): require_once('E:\\wamp64\\www\\m...')
#8 {main}
  thrown dans E:\wamp64\www\mwood\wp-content\plugins\yith-woocommerce-request-a-quote-premium-master\includes\class.yith-ywraq-order-request.php à la ligne 1921

2020-02-16T15:26:30+00:00 CRITICAL Uncaught Error: Call to a member function get() on null in E:\wamp64\www\mwood\wp-content\plugins\yith-woocommerce-request-a-quote-premium-master\includes\class.yith-ywraq-order-request.php:1921
Stack trace:
#0 E:\wamp64\www\mwood\wp-content\plugins\yith-woocommerce-request-a-quote-premium-master\includes\class.yith-ywraq-order-request.php(1964): YITH_YWRAQ_Order_Request->get_current_order_id()
#1 E:\wamp64\www\mwood\wp-includes\class-wp-hook.php(288): YITH_YWRAQ_Order_Request->check_quote_in_cart('')
#2 E:\wamp64\www\mwood\wp-includes\class-wp-hook.php(312): WP_Hook->apply_filters(NULL, Array)
#3 E:\wamp64\www\mwood\wp-includes\plugin.php(478): WP_Hook->do_action(Array)
#4 E:\wamp64\www\mwood\wp-settings.php(545): do_action('wp_loaded')
#5 E:\wamp64\www\mwood\wp-config.php(122): require_once('E:\\wamp64\\www\\m...')
#6 E:\wamp64\www\mwood\wp-load.php(37): require_once('E:\\wamp64\\www\\m...')
#7 E:\wamp64\www\mwood\wp-cron.php(44): require_once('E:\\wamp64\\www\\m...')
#8 {main}
  thrown dans E:\wamp64\www\mwood\wp-content\plugins\yith-woocommerce-request-a-quote-premium-master\includes\class.yith-ywraq-order-request.php à la ligne 1921

2020-02-16T15:27:30+00:00 CRITICAL Uncaught Error: Call to a member function get() on null in E:\wamp64\www\mwood\wp-content\plugins\yith-woocommerce-request-a-quote-premium-master\includes\class.yith-ywraq-order-request.php:1921
Stack trace:
#0 E:\wamp64\www\mwood\wp-content\plugins\yith-woocommerce-request-a-quote-premium-master\includes\class.yith-ywraq-order-request.php(1964): YITH_YWRAQ_Order_Request->get_current_order_id()
#1 E:\wamp64\www\mwood\wp-includes\class-wp-hook.php(288): YITH_YWRAQ_Order_Request->check_quote_in_cart('')
#2 E:\wamp64\www\mwood\wp-includes\class-wp-hook.php(312): WP_Hook->apply_filters(NULL, Array)
#3 E:\wamp64\www\mwood\wp-includes\plugin.php(478): WP_Hook->do_action(Array)
#4 E:\wamp64\www\mwood\wp-settings.php(545): do_action('wp_loaded')
#5 E:\wamp64\www\mwood\wp-config.php(122): require_once('E:\\wamp64\\www\\m...')
#6 E:\wamp64\www\mwood\wp-load.php(37): require_once('E:\\wamp64\\www\\m...')
#7 E:\wamp64\www\mwood\wp-cron.php(44): require_once('E:\\wamp64\\www\\m...')
#8 {main}
  thrown dans E:\wamp64\www\mwood\wp-content\plugins\yith-woocommerce-request-a-quote-premium-master\includes\class.yith-ywraq-order-request.php à la ligne 1921

2020-02-16T15:29:30+00:00 CRITICAL Uncaught Error: Call to a member function get() on null in E:\wamp64\www\mwood\wp-content\plugins\yith-woocommerce-request-a-quote-premium-master\includes\class.yith-ywraq-order-request.php:1921
Stack trace:
#0 E:\wamp64\www\mwood\wp-content\plugins\yith-woocommerce-request-a-quote-premium-master\includes\class.yith-ywraq-order-request.php(1964): YITH_YWRAQ_Order_Request->get_current_order_id()
#1 E:\wamp64\www\mwood\wp-includes\class-wp-hook.php(288): YITH_YWRAQ_Order_Request->check_quote_in_cart('')
#2 E:\wamp64\www\mwood\wp-includes\class-wp-hook.php(312): WP_Hook->apply_filters(NULL, Array)
#3 E:\wamp64\www\mwood\wp-includes\plugin.php(478): WP_Hook->do_action(Array)
#4 E:\wamp64\www\mwood\wp-settings.php(545): do_action('wp_loaded')
#5 E:\wamp64\www\mwood\wp-config.php(122): require_once('E:\\wamp64\\www\\m...')
#6 E:\wamp64\www\mwood\wp-load.php(37): require_once('E:\\wamp64\\www\\m...')
#7 E:\wamp64\www\mwood\wp-cron.php(44): require_once('E:\\wamp64\\www\\m...')
#8 {main}
  thrown dans E:\wamp64\www\mwood\wp-content\plugins\yith-woocommerce-request-a-quote-premium-master\includes\class.yith-ywraq-order-request.php à la ligne 1921

2020-02-16T15:31:30+00:00 CRITICAL Uncaught Error: Call to a member function get() on null in E:\wamp64\www\mwood\wp-content\plugins\yith-woocommerce-request-a-quote-premium-master\includes\class.yith-ywraq-order-request.php:1921
Stack trace:
#0 E:\wamp64\www\mwood\wp-content\plugins\yith-woocommerce-request-a-quote-premium-master\includes\class.yith-ywraq-order-request.php(1964): YITH_YWRAQ_Order_Request->get_current_order_id()
#1 E:\wamp64\www\mwood\wp-includes\class-wp-hook.php(288): YITH_YWRAQ_Order_Request->check_quote_in_cart('')
#2 E:\wamp64\www\mwood\wp-includes\class-wp-hook.php(312): WP_Hook->apply_filters(NULL, Array)
#3 E:\wamp64\www\mwood\wp-includes\plugin.php(478): WP_Hook->do_action(Array)
#4 E:\wamp64\www\mwood\wp-settings.php(545): do_action('wp_loaded')
#5 E:\wamp64\www\mwood\wp-config.php(122): require_once('E:\\wamp64\\www\\m...')
#6 E:\wamp64\www\mwood\wp-load.php(37): require_once('E:\\wamp64\\www\\m...')
#7 E:\wamp64\www\mwood\wp-cron.php(44): require_once('E:\\wamp64\\www\\m...')
#8 {main}
  thrown dans E:\wamp64\www\mwood\wp-content\plugins\yith-woocommerce-request-a-quote-premium-master\includes\class.yith-ywraq-order-request.php à la ligne 1921

